Subject: Security ID: LB\administrator  Account Name: hacker    Object Name: C:\Sales\accounting.txt  Handle ID: 0x178 ,4663,,0,4,0,,3.60E+16,2635,gupdate,,Application,,,DESKTOP-8OGP4P6,,2/16/21 17:14,,,Application,System.UInt32[],System.Diagnostics.Eventing.Reader.EventBookmark,,,,,System.Collections.Generic.List`1[System.Diagnostics.Eventing.Reader.EventProperty]
Offline downlevel migration succeeded.,16394,0,49152,4,0,0,3.60E+16,2634,Microsoft-Windows-Security-SPP,e23b33b0-c8c9-472c-a5f9-f2bdfea0f156,Application,0,0,DESKTOP-8OGP4P6,,2/16/21 17:14,,,Application,System.UInt32[],System.Diagnostics.Eventing.Reader.EventBookmark,Information,,,System.Collections.ObjectModel.ReadOnlyCollection`1[System.String],System.Collections.Generic.List`1[System.Diagnostics.Eventing.Reader.EventProperty]
Successfully scheduled Software Protection service for re-start at 2121-01-23T04:50:23Z. Reason: RulesEngine.,16384,0,16384,4,0,0,3.60E+16,2633,Microsoft-Windows-Security-SPP,e23b33b0-c8c9-472c-a5f9-f2bdfea0f156,Application,0,0,DESKTOP-8OGP4P6,,2/15/21 20:50,,,Application,System.UInt32[],System.Diagnostics.Eventing.Reader.EventBookmark,Information,,,System.Collections.ObjectModel.ReadOnlyCollection`1[System.String],System.Collections.Generic.List`1[System.Diagnostics.Eventing.Reader.EventProperty]
Offline downlevel migration succeeded.,16394,0,49152,4,0,0,3.60E+16,2632,Microsoft-Windows-Security-SPP,e23b33b0-c8c9-472c-a5f9-f2bdfea0f156,Application,0,0,DESKTOP-8OGP4P6,,2/15/21 20:49,,,Application,System.UInt32[],System.Diagnostics.Eventing.Reader.EventBookmark,Information,,,System.Collections.ObjectModel.ReadOnlyCollection`1[System.String],System.Collections.Generic.List`1[System.Diagnostics.Eventing.Reader.EventProperty]
Failure to instantiate storage folder C:\Users\mcguertyj\AppData\Local\Packages\Microsoft.MicrosoftOfficeHub_8wekyb3d8bbwe\LocalCache for package Microsoft.MicrosoftOfficeHub_8wekyb3d8bbwe with Error Code: -2147024809,13,0,,2,0,0,-9.22E+18,2631,Microsoft-Windows-AppModel-State,bff15e13-81bf-45ee-8b16-7cfead00da86,Application,1684,788,DESKTOP-8OGP4P6,S-1-5-21-110707328-881830710-1281915939-1001,2/15/21 19:34,,,Application,System.UInt32[],System.Diagnostics.Eventing.Reader.EventBookmark,Error,Info,,System.Collections.ObjectModel.ReadOnlyCollection`1[System.String],System.Collections.Generic.List`1[System.Diagnostics.Eventing.Reader.EventProperty]
Successfully scheduled Software Protection service for re-start at 2121-01-23T01:06:46Z. Reason: RulesEngine.,16384,0,16384,4,0,0,3.60E+16,2630,Microsoft-Windows-Security-SPP,e23b33b0-c8c9-472c-a5f9-f2bdfea0f156,Application,0,0,DESKTOP-8OGP4P6,,2/15/21 17:06,,,Application,System.UInt32[],System.Diagnostics.Eventing.Reader.EventBookmark,Information,,,System.Collections.ObjectModel.ReadOnlyCollection`1[System.String],System.Collections.Generic.List`1[System.Diagnostics.Eventing.Reader.EventProperty]
Offline downlevel migration succeeded.,16394,0,49152,4,0,0,3.60E+16,2629,Microsoft-Windows-Security-SPP,e23b33b0-c8c9-472c-a5f9-f2bdfea0f156,Application,0,0,DESKTOP-8OGP4P6,,2/15/21 17:06,,,Application,System.UInt32[],System.Diagnostics.Eventing.Reader.EventBookmark,Information,,,System.Collections.ObjectModel.ReadOnlyCollection`1[System.String],System.Collections.Generic.List`1[System.Diagnostics.Eventing.Reader.EventProperty]
Successfully scheduled Software Protection service for re-start at 2121-01-23T01:04:24Z. Reason: RulesEngine.,16384,0,16384,4,0,0,3.60E+16,2628,Microsoft-Windows-Security-SPP,e23b33b0-c8c9-472c-a5f9-f2bdfea0f156,Application,0,0,DESKTOP-8OGP4P6,,2/15/21 17:04,,,Application,System.UInt32[],System.Diagnostics.Eventing.Reader.EventBookmark,Information,,,System.Collections.ObjectModel.ReadOnlyCollection`1[System.String],System.Collections.Generic.List`1[System.Diagnostics.Eventing.Reader.EventProperty]
Offline downlevel migration succeeded.,16394,0,49152,4,0,0,3.60E+16,2627,Microsoft-Windows-Security-SPP,e23b33b0-c8c9-472c-a5f9-f2bdfea0f156,Application,0,0,DESKTOP-8OGP4P6,,2/15/21 17:03,,,Application,System.UInt32[],System.Diagnostics.Eventing.Reader.EventBookmark,Information,,,System.Collections.ObjectModel.ReadOnlyCollection`1[System.String],System.Collections.Generic.List`1[System.Diagnostics.Eventing.Reader.EventProperty]
Successfully scheduled Software Protection service for re-start at 2121-01-23T00:54:01Z. Reason: RulesEngine.,16384,0,16384,4,0,0,3.60E+16,2626,Microsoft-Windows-Security-SPP,e23b33b0-c8c9-472c-a5f9-f2bdfea0f156,Application,0,0,DESKTOP-8OGP4P6,,2/15/21 16:54,,,Application,System.UInt32[],System.Diagnostics.Eventing.Reader.EventBookmark,Information,,,System.Collections.ObjectModel.ReadOnlyCollection`1[System.String],System.Collections.Generic.List`1[System.Diagnostics.Eventing.Reader.EventProperty]
Updated Windows Defender status successfully to SECURITY_PRODUCT_STATE_ON.,15,,0,4,0,,3.60E+16,2625,SecurityCenter,,Application,,,DESKTOP-8OGP4P6,,2/15/21 16:53,,,Application,System.UInt32[],System.Diagnostics.Eventing.Reader.EventBookmark,Information,Info,,System.Collections.ObjectModel.ReadOnlyCollection`1[System.String],System.Collections.Generic.List`1[System.Diagnostics.Eventing.Reader.EventProperty]
Updated Windows Defender status successfully to SECURITY_PRODUCT_STATE_ON.,15,,0,4,0,,3.60E+16,2624,SecurityCenter,,Application,,,DESKTOP-8OGP4P6,,2/15/21 16:53,,,Application,System.UInt32[],System.Diagnostics.Eventing.Reader.EventBookmark,Information,Info,,System.Collections.ObjectModel.ReadOnlyCollection`1[System.String],System.Collections.Generic.List`1[System.Diagnostics.Eventing.Reader.EventProperty]
Updated Windows Defender status successfully to SECURITY_PRODUCT_STATE_ON.,15,,0,4,0,,3.60E+16,2623,SecurityCenter,,Application,,,DESKTOP-8OGP4P6,,2/15/21 16:53,,,Application,System.UInt32[],System.Diagnostics.Eventing.Reader.EventBookmark,Information,Info,,System.Collections.ObjectModel.ReadOnlyCollection`1[System.String],System.Collections.Generic.List`1[System.Diagnostics.Eventing.Reader.EventProperty]
Updated Windows Defender status successfully to SECURITY_PRODUCT_STATE_ON.,15,,0,4,0,,3.60E+16,2622,SecurityCenter,,Application,,,DESKTOP-8OGP4P6,,2/15/21 16:53,,,Application,System.UInt32[],System.Diagnostics.Eventing.Reader.EventBookmark,Information,Info,,System.Collections.ObjectModel.ReadOnlyCollection`1[System.String],System.Collections.Generic.List`1[System.Diagnostics.Eventing.Reader.EventProperty]
Updated Windows Defender status successfully to SECURITY_PRODUCT_STATE_ON.,15,,0,4,0,,3.60E+16,2621,SecurityCenter,,Application,,,DESKTOP-8OGP4P6,,2/15/21 16:53,,,Application,System.UInt32[],System.Diagnostics.Eventing.Reader.EventBookmark,Information,Info,,System.Collections.ObjectModel.ReadOnlyCollection`1[System.String],System.Collections.Generic.List`1[System.Diagnostics.Eventing.Reader.EventProperty]
Subject: Security ID: S-1-5-18 Account Name: DESKTOP-8OGP4P6$ Account Domain: WORKGROUP Logon ID: 0x3E7Logon Information: Logon Type: 4 Restricted Admin Mode: - Virtual Account: No Elevated Token: YesImpersonation Level: ImpersonationNew Logon: Security ID: S-1-5-18 Account Name: strangelove Account Domain: NT AUTHORITY Logon ID:,4624,0,49152,4,0,0,3.60E+16,2620,Microsoft-Windows-Security-SPP,e23b33b0-c8c9-472c-a5f9-f2bdfea0f156,Application,0,0,DESKTOP-8OGP4P6,,2/15/21 16:53,,,Application,System.UInt32[],System.Diagnostics.Eventing.Reader.EventBookmark,Information,,,System.Collections.ObjectModel.ReadOnlyCollection`1[System.String],System.Collections.Generic.List`1[System.Diagnostics.Eventing.Reader.EventProperty]
The VSS service is shutting down due to idle timeout. ,8224,,0,4,0,,3.60E+16,2619,VSS,,Application,,,DESKTOP-8OGP4P6,,2/15/21 16:46,,,Application,System.UInt32[],System.Diagnostics.Eventing.Reader.EventBookmark,Information,Info,,System.Collections.ObjectModel.ReadOnlyCollection`1[System.String],System.Collections.Generic.List`1[System.Diagnostics.Eventing.Reader.EventProperty]
Successfully scheduled Software Protection service for re-start at 2121-01-23T00:43:54Z. Reason: RulesEngine.,16384,0,16384,4,0,0,3.60E+16,2618,Microsoft-Windows-Security-SPP,e23b33b0-c8c9-472c-a5f9-f2bdfea0f156,Application,0,0,DESKTOP-8OGP4P6,,2/15/21 16:43,,,Application,System.UInt32[],System.Diagnostics.Eventing.Reader.EventBookmark,Information,,,System.Collections.ObjectModel.ReadOnlyCollection`1[System.String],System.Collections.Generic.List`1[System.Diagnostics.Eventing.Reader.EventProperty]
Updated Windows Defender status successfully to SECURITY_PRODUCT_STATE_ON.,15,,0,4,0,,3.60E+16,2617,SecurityCenter,,Application,,,DESKTOP-8OGP4P6,,2/15/21 16:43,,,Application,System.UInt32[],System.Diagnostics.Eventing.Reader.EventBookmark,Information,Info,,System.Collections.ObjectModel.ReadOnlyCollection`1[System.String],System.Collections.Generic.List`1[System.Diagnostics.Eventing.Reader.EventProperty]
Updated Windows Defender status successfully to SECURITY_PRODUCT_STATE_ON.,15,,0,4,0,,3.60E+16,2616,SecurityCenter,,Application,,,DESKTOP-8OGP4P6,,2/15/21 16:43,,,Application,System.UInt32[],System.Diagnostics.Eventing.Reader.EventBookmark,Information,Info,,System.Collections.ObjectModel.ReadOnlyCollection`1[System.String],System.Collections.Generic.List`1[System.Diagnostics.Eventing.Reader.EventProperty]
Updated Windows Defender status successfully to SECURITY_PRODUCT_STATE_ON.,15,,0,4,0,,3.60E+16,2615,SecurityCenter,,Application,,,DESKTOP-8OGP4P6,,2/15/21 16:43,,,Application,System.UInt32[],System.Diagnostics.Eventing.Reader.EventBookmark,Information,Info,,System.Collections.ObjectModel.ReadOnlyCollection`1[System.String],System.Collections.Generic.List`1[System.Diagnostics.Eventing.Reader.EventProperty]
Updated Windows Defender status successfully to SECURITY_PRODUCT_STATE_ON.,15,,0,4,0,,3.60E+16,2614,SecurityCenter,,Application,,,DESKTOP-8OGP4P6,,2/15/21 16:43,,,Application,System.UInt32[],System.Diagnostics.Eventing.Reader.EventBookmark,Information,Info,,System.Collections.ObjectModel.ReadOnlyCollection`1[System.String],System.Collections.Generic.List`1[System.Diagnostics.Eventing.Reader.EventProperty]
Updated Windows Defender status successfully to SECURITY_PRODUCT_STATE_ON.,15,,0,4,0,,3.60E+16,2613,SecurityCenter,,Application,,,DESKTOP-8OGP4P6,,2/15/21 16:43,,,Application,System.UInt32[],System.Diagnostics.Eventing.Reader.EventBookmark,Information,Info,,System.Collections.ObjectModel.ReadOnlyCollection`1[System.String],System.Collections.Generic.List`1[System.Diagnostics.Eventing.Reader.EventProperty]
Offline downlevel migration succeeded.,16394,0,49152,4,0,0,3.60E+16,2612,Microsoft-Windows-Security-SPP,e23b33b0-c8c9-472c-a5f9-f2bdfea0f156,Application,0,0,DESKTOP-8OGP4P6,,2/15/21 16:43,,,Application,System.UInt32[],System.Diagnostics.Eventing.Reader.EventBookmark,Information,,,System.Collections.ObjectModel.ReadOnlyCollection`1[System.String],System.Collections.Generic.List`1[System.Diagnostics.Eventing.Reader.EventProperty]
Successfully scheduled Software Protection service for re-start at 2121-01-23T00:42:41Z. Reason: RulesEngine.,16384,0,16384,4,0,0,3.60E+16,2611,Microsoft-Windows-Security-SPP,e23b33b0-c8c9-472c-a5f9-f2bdfea0f156,Application,0,0,DESKTOP-8OGP4P6,,2/15/21 16:42,,,Application,System.UInt32[],System.Diagnostics.Eventing.Reader.EventBookmark,Information,,,System.Collections.ObjectModel.ReadOnlyCollection`1[System.String],System.Collections.Generic.List`1[System.Diagnostics.Eventing.Reader.EventProperty]
Ending session 0 started ?2021?-?02?-?16T00:42:10.885585900Z.,10001,0,,4,0,0,-9.22E+18,2610,Microsoft-Windows-RestartManager,0888e5ef-9b98-4695-979d-e92ce4247224,Application,10140,7944,DESKTOP-8OGP4P6,S-1-5-18,2/15/21 16:42,,,Application,System.UInt32[],System.Diagnostics.Eventing.Reader.EventBookmark,Information,Info,,System.Collections.ObjectModel.ReadOnlyCollection`1[System.String],System.Collections.Generic.List`1[System.Diagnostics.Eventing.Reader.EventProperty]
Starting session 0 - ?2021?-?02?-?16T00:42:10.885585900Z.,10000,0,,4,0,0,-9.22E+18,2609,Microsoft-Windows-RestartManager,0888e5ef-9b98-4695-979d-e92ce4247224,Application,10140,6684,DESKTOP-8OGP4P6,S-1-5-18,2/15/21 16:42,,,Application,System.UInt32[],System.Diagnostics.Eventing.Reader.EventBookmark,Information,Info,,System.Collections.ObjectModel.ReadOnlyCollection`1[System.String],System.Collections.Generic.List`1[System.Diagnostics.Eventing.Reader.EventProperty]
Ending a Windows Installer transaction: C:\Windows\TEMP\UpdHealthTools.msi. Client Process Id: 2008.,1042,,0,4,0,,3.60E+16,2608,MsiInstaller,,Application,,,DESKTOP-8OGP4P6,S-1-5-18,2/15/21 16:42,,,Application,System.UInt32[],System.Diagnostics.Eventing.Reader.EventBookmark,Information,Info,,System.Collections.ObjectModel.ReadOnlyCollection`1[System.String],System.Collections.Generic.List`1[System.Diagnostics.Eventing.Reader.EventProperty]
Windows Installer installed the product. Product Name: Microsoft Update Health Tools. Product Version: 2.70.0.0. Product Language: 0. Manufacturer: Microsoft Corporation. Installation success or error status: 0.,1033,,0,4,0,,3.60E+16,2607,MsiInstaller,,Application,,,DESKTOP-8OGP4P6,S-1-5-18,2/15/21 16:42,,,Application,System.UInt32[],System.Diagnostics.Eventing.Reader.EventBookmark,Information,Info,,System.Collections.ObjectModel.ReadOnlyCollection`1[System.String],System.Collections.Generic.List`1[System.Diagnostics.Eventing.Reader.EventProperty]
Product: Microsoft Update Health Tools -- Installation completed successfully.,11707,,0,4,0,,3.60E+16,2606,MsiInstaller,,Application,,,DESKTOP-8OGP4P6,S-1-5-18,2/15/21 16:42,,,Application,System.UInt32[],System.Diagnostics.Eventing.Reader.EventBookmark,Information,Info,,System.Collections.ObjectModel.ReadOnlyCollection`1[System.String],System.Collections.Generic.List`1[System.Diagnostics.Eventing.Reader.EventProperty]
Beginning a Windows Installer transaction: C:\Windows\TEMP\UpdHealthTools.msi. Client Process Id: 2008.,1040,,0,4,0,,3.60E+16,2605,MsiInstaller,,Application,,,DESKTOP-8OGP4P6,S-1-5-18,2/15/21 16:42,,,Application,System.UInt32[],System.Diagnostics.Eventing.Reader.EventBookmark,Information,Info,,System.Collections.ObjectModel.ReadOnlyCollection`1[System.String],System.Collections.Generic.List`1[System.Diagnostics.Eventing.Reader.EventProperty]
Offline downlevel migration succeeded.,16394,0,49152,4,0,0,3.60E+16,2604,Microsoft-Windows-Security-SPP,e23b33b0-c8c9-472c-a5f9-f2bdfea0f156,Application,0,0,DESKTOP-8OGP4P6,,2/15/21 16:42,,,Application,System.UInt32[],System.Diagnostics.Eventing.Reader.EventBookmark,Information,,,System.Collections.ObjectModel.ReadOnlyCollection`1[System.String],System.Collections.Generic.List`1[System.Diagnostics.Eventing.Reader.EventProperty]
Successfully scheduled Software Protection service for re-start at 2121-01-23T00:41:55Z. Reason: RulesEngine.,16384,0,16384,4,0,0,3.60E+16,2603,Microsoft-Windows-Security-SPP,e23b33b0-c8c9-472c-a5f9-f2bdfea0f156,Application,0,0,DESKTOP-8OGP4P6,,2/15/21 16:41,,,Application,System.UInt32[],System.Diagnostics.Eventing.Reader.EventBookmark,Information,,,System.Collections.ObjectModel.ReadOnlyCollection`1[System.String],System.Collections.Generic.List`1[System.Diagnostics.Eventing.Reader.EventProperty]
Offline downlevel migration succeeded.,16394,0,49152,4,0,0,3.60E+16,2602,Microsoft-Windows-Security-SPP,e23b33b0-c8c9-472c-a5f9-f2bdfea0f156,Application,0,0,DESKTOP-8OGP4P6,,2/15/21 16:41,,,Application,System.UInt32[],System.Diagnostics.Eventing.Reader.EventBookmark,Information,,,System.Collections.ObjectModel.ReadOnlyCollection`1[System.String],System.Collections.Generic.List`1[System.Diagnostics.Eventing.Reader.EventProperty]
Successfully scheduled Software Protection service for re-start at 2121-01-23T00:40:29Z. Reason: RulesEngine.,16384,0,16384,4,0,0,3.60E+16,2601,Microsoft-Windows-Security-SPP,e23b33b0-c8c9-472c-a5f9-f2bdfea0f156,Application,0,0,DESKTOP-8OGP4P6,,2/15/21 16:40,,,Application,System.UInt32[],System.Diagnostics.Eventing.Reader.EventBookmark,Information,,,System.Collections.ObjectModel.ReadOnlyCollection`1[System.String],System.Collections.Generic.List`1[System.Diagnostics.Eventing.Reader.EventProperty]
"These policies are being excluded since they are only defined with override-only attribute.
Policy Names=(Security-SPP-Reserved-EnableNotificationMode) 
App Id=55c92734-d682-4d71-983e-d6ec3f16059f
Sku Id=4de7cb65-cdf1-4de9-8ae8-e3cce27b9f2c",1033,0,16384,4,0,0,3.60E+16,2600,Microsoft-Windows-Security-SPP,e23b33b0-c8c9-472c-a5f9-f2bdfea0f156,Application,0,0,DESKTOP-8OGP4P6,,2/15/21 16:39,,,Application,System.UInt32[],System.Diagnostics.Eventing.Reader.EventBookmark,Information,,,System.Collections.ObjectModel.ReadOnlyCollection`1[System.String],System.Collections.Generic.List`1[System.Diagnostics.Eventing.Reader.EventProperty]
Subject: Security ID: S-1-5-18 Account Name: DESKTOP-8OGP4P6$ Account Domain: WORKGROUP Logon ID: 0x3E7Logon Information: Logon Type: 4 Restricted Admin Mode: - Virtual Account: No Elevated Token: YesImpersonation Level: ImpersonationNew Logon: Security ID: S-1-5-18 Account Name: strangelove Account Domain: NT AUTHORITY Logon ID:,4624,0,16384,4,0,0,3.60E+16,2599,Microsoft-Windows-Security-SPP,e23b33b0-c8c9-472c-a5f9-f2bdfea0f156,Application,0,0,DESKTOP-8OGP4P6,,2/15/21 16:39,,,Application,System.UInt32[],System.Diagnostics.Eventing.Reader.EventBookmark,Information,,,System.Collections.ObjectModel.ReadOnlyCollection`1[System.String],System.Collections.Generic.List`1[System.Diagnostics.Eventing.Reader.EventProperty]
Subject: Security ID: S-1-5-18 Account Name: DESKTOP-8OGP4P6$ Account Domain: WORKGROUP Logon ID: 0x3E7Logon Information: Logon Type: 3 Restricted Admin Mode: - Virtual Account: No Elevated Token: YesImpersonation Level: ImpersonationNew Logon: Security ID: S-1-5-18 Account Name: user1 Account Domain: NT AUTHORITY Logon ID:,4624,0,16384,4,0,0,3.60E+16,2598,Microsoft-Windows-Security-SPP,e23b33b0-c8c9-472c-a5f9-f2bdfea0f156,Application,0,0,DESKTOP-8OGP4P6,,2/15/21 16:39,,,Application,System.UInt32[],System.Diagnostics.Eventing.Reader.EventBookmark,Information,,,System.Collections.ObjectModel.ReadOnlyCollection`1[System.String],System.Collections.Generic.List`1[System.Diagnostics.Eventing.Reader.EventProperty]
Subject: Security ID: S-1-5-18 Account Name: DESKTOP-8OGP4P6$ Account Domain: WORKGROUP Logon ID: 0x3E7Logon Information: Logon Type: 5 Restricted Admin Mode: - Virtual Account: No Elevated Token: YesImpersonation Level: ImpersonationNew Logon: Security ID: S-1-5-18 Account Name: user2 Account Domain: NT AUTHORITY Logon ID:,4624,0,16384,4,0,0,3.60E+16,2597,Microsoft-Windows-Security-SPP,e23b33b0-c8c9-472c-a5f9-f2bdfea0f156,Application,0,0,DESKTOP-8OGP4P6,,2/15/21 16:39,,,Application,System.UInt32[],System.Diagnostics.Eventing.Reader.EventBookmark,Information,,,System.Collections.ObjectModel.ReadOnlyCollection`1[System.String],System.Collections.Generic.List`1[System.Diagnostics.Eventing.Reader.EventProperty]
 Subject: Security ID: S-1-5-18 Account Name: DESKTOP-8OGP4P6$ Account Domain: WORKGROUP Logon ID: 0x3E7Logon Information: Logon Type: 8 Restricted Admin Mode: - Virtual Account: No Elevated Token: YesImpersonation Level: ImpersonationNew Logon: Security ID: S-1-5-18 Account Name: hacker Account Domain: NT AUTHORITY Logon ID:,4624,0,16384,4,0,0,3.60E+16,2596,Microsoft-Windows-Security-SPP,e23b33b0-c8c9-472c-a5f9-f2bdfea0f156,Application,0,0,DESKTOP-8OGP4P6,,2/15/21 16:39,,,Application,System.UInt32[],System.Diagnostics.Eventing.Reader.EventBookmark,Information,,,System.Collections.ObjectModel.ReadOnlyCollection`1[System.String],System.Collections.Generic.List`1[System.Diagnostics.Eventing.Reader.EventProperty]
 Subject: Security ID: S-1-5-18 Account Name: DESKTOP-8OGP4P6$ Account Domain: WORKGROUP Logon ID: 0x3E7Logon Information: Logon Type: 9 Restricted Admin Mode: - Virtual Account: No Elevated Token: YesImpersonation Level: ImpersonationNew Logon: Security ID: S-1-5-18 Account Name: hacker Account Domain: NT AUTHORITY Logon ID:,4624,0,16384,4,0,0,3.60E+16,2595,Microsoft-Windows-Security-SPP,e23b33b0-c8c9-472c-a5f9-f2bdfea0f156,Application,0,0,DESKTOP-8OGP4P6,,2/15/21 16:39,,,Application,System.UInt32[],System.Diagnostics.Eventing.Reader.EventBookmark,Information,,,System.Collections.ObjectModel.ReadOnlyCollection`1[System.String],System.Collections.Generic.List`1[System.Diagnostics.Eventing.Reader.EventProperty]
Subject: Security ID: S-1-5-18 Account Name: DESKTOP-8OGP4P6$ Account Domain: WORKGROUP Logon ID: 0x3E7Logon Information: Logon Type: 4 Restricted Admin Mode: - Virtual Account: No Elevated Token: YesImpersonation Level: ImpersonationNew Logon: Security ID: S-1-5-18 Account Name: strangelove Account Domain: NT AUTHORITY Logon ID:,4624,0,16384,4,0,0,3.60E+16,2594,Microsoft-Windows-Security-SPP,e23b33b0-c8c9-472c-a5f9-f2bdfea0f156,Application,0,0,DESKTOP-8OGP4P6,,2/15/21 16:39,,,Application,System.UInt32[],System.Diagnostics.Eventing.Reader.EventBookmark,Information,,,System.Collections.ObjectModel.ReadOnlyCollection`1[System.String],System.Collections.Generic.List`1[System.Diagnostics.Eventing.Reader.EventProperty]
Subject: Security ID: S-1-5-18 Account Name: DESKTOP-8OGP4P6$ Account Domain: WORKGROUP Logon ID: 0x3E7Logon Information: Logon Type: 3 Restricted Admin Mode: - Virtual Account: No Elevated Token: YesImpersonation Level: ImpersonationNew Logon: Security ID: S-1-5-18 Account Name: user1 Account Domain: NT AUTHORITY Logon ID:,4624,0,16384,4,0,0,3.60E+16,2593,Microsoft-Windows-Security-SPP,e23b33b0-c8c9-472c-a5f9-f2bdfea0f156,Application,0,0,DESKTOP-8OGP4P6,,2/15/21 16:39,,,Application,System.UInt32[],System.Diagnostics.Eventing.Reader.EventBookmark,Information,,,System.Collections.ObjectModel.ReadOnlyCollection`1[System.String],System.Collections.Generic.List`1[System.Diagnostics.Eventing.Reader.EventProperty]
Subject: Security ID: S-1-5-18 Account Name: DESKTOP-8OGP4P6$ Account Domain: WORKGROUP Logon ID: 0x3E7Logon Information: Logon Type: 5 Restricted Admin Mode: - Virtual Account: No Elevated Token: YesImpersonation Level: ImpersonationNew Logon: Security ID: S-1-5-18 Account Name: user2 Account Domain: NT AUTHORITY Logon ID:,4624,0,16384,4,0,0,3.60E+16,2592,Microsoft-Windows-Security-SPP,e23b33b0-c8c9-472c-a5f9-f2bdfea0f156,Application,0,0,DESKTOP-8OGP4P6,,2/15/21 16:39,,,Application,System.UInt32[],System.Diagnostics.Eventing.Reader.EventBookmark,Information,,,System.Collections.ObjectModel.ReadOnlyCollection`1[System.String],System.Collections.Generic.List`1[System.Diagnostics.Eventing.Reader.EventProperty]
 Subject: Security ID: S-1-5-18 Account Name: DESKTOP-8OGP4P6$ Account Domain: WORKGROUP Logon ID: 0x3E7Logon Information: Logon Type: 8 Restricted Admin Mode: - Virtual Account: No Elevated Token: YesImpersonation Level: ImpersonationNew Logon: Security ID: S-1-5-18 Account Name: hacker Account Domain: NT AUTHORITY Logon ID:,4624,0,16384,4,0,0,3.60E+16,2591,Microsoft-Windows-Security-SPP,e23b33b0-c8c9-472c-a5f9-f2bdfea0f156,Application,0,0,DESKTOP-8OGP4P6,,2/15/21 16:39,,,Application,System.UInt32[],System.Diagnostics.Eventing.Reader.EventBookmark,Information,,,System.Collections.ObjectModel.ReadOnlyCollection`1[System.String],System.Collections.Generic.List`1[System.Diagnostics.Eventing.Reader.EventProperty]
 Subject: Security ID: S-1-5-18 Account Name: DESKTOP-8OGP4P6$ Account Domain: WORKGROUP Logon ID: 0x3E7Logon Information: Logon Type: 9 Restricted Admin Mode: - Virtual Account: No Elevated Token: YesImpersonation Level: ImpersonationNew Logon: Security ID: S-1-5-18 Account Name: hacker Account Domain: NT AUTHORITY Logon ID:,4624,0,16384,4,0,0,3.60E+16,2590,Microsoft-Windows-Security-SPP,e23b33b0-c8c9-472c-a5f9-f2bdfea0f156,Application,0,0,DESKTOP-8OGP4P6,,2/15/21 16:39,,,Application,System.UInt32[],System.Diagnostics.Eventing.Reader.EventBookmark,Information,,,System.Collections.ObjectModel.ReadOnlyCollection`1[System.String],System.Collections.Generic.List`1[System.Diagnostics.Eventing.Reader.EventProperty]
Offline downlevel migration succeeded.,16394,0,49152,4,0,0,3.60E+16,2589,Microsoft-Windows-Security-SPP,e23b33b0-c8c9-472c-a5f9-f2bdfea0f156,Application,0,0,DESKTOP-8OGP4P6,,2/15/21 16:39,,,Application,System.UInt32[],System.Diagnostics.Eventing.Reader.EventBookmark,Information,,,System.Collections.ObjectModel.ReadOnlyCollection`1[System.String],System.Collections.Generic.List`1[System.Diagnostics.Eventing.Reader.EventProperty]
"Fault bucket 2046831708968076538, type 5
Event Name: RADAR_PRE_LEAK_64
Response: Not available
Cab Id: 0

Problem signature:
P1: TiWorker.exe
P2: 10.0.18362.1310
P3: 10.0.18362.2.0.0
P4: 
P5: 
P6: 
P7: 
P8: 
P9: 
P10: 

Attached files:
\\?\C:\Users\MCGUER~1\AppData\Local\Temp\RDR9197.tmp\empty.txt
\\?\C:\ProgramData\Microsoft\Windows\WER\Temp\WER91A8.tmp.WERInternalMetadata.xml
\\?\C:\ProgramData\Microsoft\Windows\WER\Temp\WER91B8.tmp.xml
\\?\C:\ProgramData\Microsoft\Windows\WER\Temp\WER91D6.tmp.csv
\\?\C:\ProgramData\Microsoft\Windows\WER\Temp\WER9205.tmp.txt

These files may be available here:


