 Subject: Security ID: S-1-5-18 Account Name: DESKTOP-8OGP4P6$ Account Domain: WORKGROUP Logon ID: 0x3E7Logon Information: Logon Type: 9 Restricted Admin Mode: - Virtual Account: No Elevated Token: YesImpersonation Level: ImpersonationNew Logon: Security ID: S-1-5-18 Account Name: hacker Account Domain: NT AUTHORITY Logon ID:,4624,0,16384,4,0,0,3.60E+16,2999,Microsoft-Windows-Security-SPP,e23b33b0-c8c9-472c-a5f9-f2bdfea0f156,Application,0,0,DESKTOP-8OGP4P6,,2/18/21 17:21,,,Application,System.UInt32[],System.Diagnostics.Eventing.Reader.EventBookmark,Information,,,System.Collections.ObjectModel.ReadOnlyCollection`1[System.String],System.Collections.Generic.List`1[System.Diagnostics.Eventing.Reader.EventProperty]
"The Software Protection service has successfully installed the license.
License Title=Windows(R) UL volume License (Public)
License Id=97332295-e1f6-44bb-aed4-9121ff1f2053",1004,0,16384,4,0,0,3.60E+16,2998,Microsoft-Windows-Security-SPP,e23b33b0-c8c9-472c-a5f9-f2bdfea0f156,Application,0,0,DESKTOP-8OGP4P6,,2/18/21 17:21,,,Application,System.UInt32[],System.Diagnostics.Eventing.Reader.EventBookmark,Information,,,System.Collections.ObjectModel.ReadOnlyCollection`1[System.String],System.Collections.Generic.List`1[System.Diagnostics.Eventing.Reader.EventProperty]
"The Software Protection service has successfully installed the license.
License Title=Windows(R) UL oob License (Private)
License Id=af36c00b-46ae-448d-9a1e-62c9ea534058",1004,0,16384,4,0,0,3.60E+16,2997,Microsoft-Windows-Security-SPP,e23b33b0-c8c9-472c-a5f9-f2bdfea0f156,Application,0,0,DESKTOP-8OGP4P6,,2/18/21 17:21,,,Application,System.UInt32[],System.Diagnostics.Eventing.Reader.EventBookmark,Information,,,System.Collections.ObjectModel.ReadOnlyCollection`1[System.String],System.Collections.Generic.List`1[System.Diagnostics.Eventing.Reader.EventProperty]
"The Software Protection service has successfully installed the license.
License Title=Windows(R) UL oob License (Public)
License Id=a16a255b-6300-4992-b39c-3b75422736cb",1004,0,16384,4,0,0,3.60E+16,2996,Microsoft-Windows-Security-SPP,e23b33b0-c8c9-472c-a5f9-f2bdfea0f156,Application,0,0,DESKTOP-8OGP4P6,,2/18/21 17:21,,,Application,System.UInt32[],System.Diagnostics.Eventing.Reader.EventBookmark,Information,,,System.Collections.ObjectModel.ReadOnlyCollection`1[System.String],System.Collections.Generic.List`1[System.Diagnostics.Eventing.Reader.EventProperty]
"The Software Protection service has successfully installed the license.
License Title=Windows(R) UL store License (Private)
License Id=e2b978d5-17e7-42dd-be1c-a6c74975b9c0",1004,0,16384,4,0,0,3.60E+16,2995,Microsoft-Windows-Security-SPP,e23b33b0-c8c9-472c-a5f9-f2bdfea0f156,Application,0,0,DESKTOP-8OGP4P6,,2/18/21 17:21,,,Application,System.UInt32[],System.Diagnostics.Eventing.Reader.EventBookmark,Information,,,System.Collections.ObjectModel.ReadOnlyCollection`1[System.String],System.Collections.Generic.List`1[System.Diagnostics.Eventing.Reader.EventProperty]
"The Software Protection service has successfully installed the license.
License Title=Windows(R) UL phone License (Public)
License Id=0e98705b-93a2-484a-9b33-a935e59ad284",1004,0,16384,4,0,0,3.60E+16,2908,Microsoft-Windows-Security-SPP,e23b33b0-c8c9-472c-a5f9-f2bdfea0f156,Application,0,0,DESKTOP-8OGP4P6,,2/18/21 17:21,,,Application,System.UInt32[],System.Diagnostics.Eventing.Reader.EventBookmark,Information,,,System.Collections.ObjectModel.ReadOnlyCollection`1[System.String],System.Collections.Generic.List`1[System.Diagnostics.Eventing.Reader.EventProperty]
Subject: Security ID: S-1-5-18 Account Name: DESKTOP-8OGP4P6$ Account Domain: WORKGROUP Logon ID: 0x3E7Logon Information: Logon Type: 4 Restricted Admin Mode: - Virtual Account: No Elevated Token: YesImpersonation Level: ImpersonationNew Logon: Security ID: S-1-5-18 Account Name: strangelove Account Domain: NT AUTHORITY Logon ID:,4624,0,16384,4,0,0,3.60E+16,2907,Microsoft-Windows-Security-SPP,e23b33b0-c8c9-472c-a5f9-f2bdfea0f156,Application,0,0,DESKTOP-8OGP4P6,,2/18/21 17:21,,,Application,System.UInt32[],System.Diagnostics.Eventing.Reader.EventBookmark,Information,,,System.Collections.ObjectModel.ReadOnlyCollection`1[System.String],System.Collections.Generic.List`1[System.Diagnostics.Eventing.Reader.EventProperty]
Subject: Security ID: LB\administrator  Account Name: bjones    Object Name: C:\HR\personnell.txt  Handle ID: 0x178 ,4663,0,16384,4,0,0,3.60E+16,2777,Microsoft-Windows-Security-SPP,e23b33b0-c8c9-472c-a5f9-f2bdfea0f156,Application,0,0,DESKTOP-8OGP4P6,,2/18/21 17:21,,,Application,System.UInt32[],System.Diagnostics.Eventing.Reader.EventBookmark,Information,,,System.Collections.ObjectModel.ReadOnlyCollection`1[System.String],System.Collections.Generic.List`1[System.Diagnostics.Eventing.Reader.EventProperty]
Subject: Security ID: LB\administrator  Account Name: bjones    Object Name: C:\HR\personnell.txt  Handle ID: 0x178 ,4663,0,16384,4,0,0,3.60E+16,2757,Microsoft-Windows-Security-SPP,e23b33b0-c8c9-472c-a5f9-f2bdfea0f156,Application,0,0,DESKTOP-8OGP4P6,,2/18/21 17:21,,,Application,System.UInt32[],System.Diagnostics.Eventing.Reader.EventBookmark,Information,,,System.Collections.ObjectModel.ReadOnlyCollection`1[System.String],System.Collections.Generic.List`1[System.Diagnostics.Eventing.Reader.EventProperty]
"The Software Protection service has successfully installed the license.
License Title=Windows(R) Publishing License (Private)
License Id=ffb3990c-2ddf-4597-b390-2fb5f3858566",1004,0,16384,4,0,0,3.60E+16,2756,Microsoft-Windows-Security-SPP,e23b33b0-c8c9-472c-a5f9-f2bdfea0f156,Application,0,0,DESKTOP-8OGP4P6,,2/18/21 17:21,,,Application,System.UInt32[],System.Diagnostics.Eventing.Reader.EventBookmark,Information,,,System.Collections.ObjectModel.ReadOnlyCollection`1[System.String],System.Collections.Generic.List`1[System.Diagnostics.Eventing.Reader.EventProperty]
"The Software Protection service has successfully installed the license.
License Title=Windows(R) Publishing License (Private)
License Id=646221ba-a13b-4bf0-b7c9-a1c3d36a7cff",1004,0,16384,4,0,0,3.60E+16,2748,Microsoft-Windows-Security-SPP,e23b33b0-c8c9-472c-a5f9-f2bdfea0f156,Application,0,0,DESKTOP-8OGP4P6,,2/18/21 17:21,,,Application,System.UInt32[],System.Diagnostics.Eventing.Reader.EventBookmark,Information,,,System.Collections.ObjectModel.ReadOnlyCollection`1[System.String],System.Collections.Generic.List`1[System.Diagnostics.Eventing.Reader.EventProperty]
Subject: Security ID: LB\administrator  Account Name: bjones    Object Name: C:\HR\personnell.txt  Handle ID: 0x178 ,4663,0,16384,4,0,0,3.60E+16,2747,Microsoft-Windows-Security-SPP,e23b33b0-c8c9-472c-a5f9-f2bdfea0f156,Application,0,0,DESKTOP-8OGP4P6,,2/18/21 17:21,,,Application,System.UInt32[],System.Diagnostics.Eventing.Reader.EventBookmark,Information,,,System.Collections.ObjectModel.ReadOnlyCollection`1[System.String],System.Collections.Generic.List`1[System.Diagnostics.Eventing.Reader.EventProperty]
"The Software Protection service has successfully installed the license.
License Title=Windows(R) UL store License (Private)
License Id=6bb1f4d2-b820-49fe-b80b-545fee81e5e2",1004,0,16384,4,0,0,3.60E+16,2746,Microsoft-Windows-Security-SPP,e23b33b0-c8c9-472c-a5f9-f2bdfea0f156,Application,0,0,DESKTOP-8OGP4P6,,2/18/21 17:21,,,Application,System.UInt32[],System.Diagnostics.Eventing.Reader.EventBookmark,Information,,,System.Collections.ObjectModel.ReadOnlyCollection`1[System.String],System.Collections.Generic.List`1[System.Diagnostics.Eventing.Reader.EventProperty]
"The Software Protection service has successfully installed the license.
License Title=DefaultPpd-Education Component PPD License
License Id=cdc0da52-4f49-26b6-e867-2dd5cd6a9541",1004,0,16384,4,0,0,3.60E+16,2703,Microsoft-Windows-Security-SPP,e23b33b0-c8c9-472c-a5f9-f2bdfea0f156,Application,0,0,DESKTOP-8OGP4P6,,2/18/21 17:21,,,Application,System.UInt32[],System.Diagnostics.Eventing.Reader.EventBookmark,Information,,,System.Collections.ObjectModel.ReadOnlyCollection`1[System.String],System.Collections.Generic.List`1[System.Diagnostics.Eventing.Reader.EventProperty]
"The Software Protection service has successfully installed the license.
License Title=DefaultPpd-csvlk-pack Component PPD License
License Id=cf87d272-7158-05ce-7df4-689302c3bfd9",1004,0,16384,4,0,0,3.60E+16,2702,Microsoft-Windows-Security-SPP,e23b33b0-c8c9-472c-a5f9-f2bdfea0f156,Application,0,0,DESKTOP-8OGP4P6,,2/18/21 17:21,,,Application,System.UInt32[],System.Diagnostics.Eventing.Reader.EventBookmark,Information,,,System.Collections.ObjectModel.ReadOnlyCollection`1[System.String],System.Collections.Generic.List`1[System.Diagnostics.Eventing.Reader.EventProperty]
"A provider, DMWmiBridgeProv1, has been registered in the Windows Management Instrumentation namespace root\cimv2\mdm\dmmap to use the LocalSystem account. This account is privileged and the provider may cause a security violation if it does not correctly impersonate user requests.",63,2,,3,0,0,-9.22E+18,2701,Microsoft-Windows-WMI,1edeee53-0afe-4609-b846-d8c0b2075b1f,Application,2944,3484,DESKTOP-8OGP4P6,S-1-5-18,2/18/21 17:21,,,Application,System.UInt32[],System.Diagnostics.Eventing.Reader.EventBookmark,Warning,Info,,System.Collections.ObjectModel.ReadOnlyCollection`1[System.String],System.Collections.Generic.List`1[System.Diagnostics.Eventing.Reader.EventProperty]
"A provider, DMWmiBridgeProv1, has been registered in the Windows Management Instrumentation namespace root\cimv2\mdm\dmmap to use the LocalSystem account. This account is privileged and the provider may cause a security violation if it does not correctly impersonate user requests.",63,2,,3,0,0,-9.22E+18,2700,Microsoft-Windows-WMI,1edeee53-0afe-4609-b846-d8c0b2075b1f,Application,2944,3484,DESKTOP-8OGP4P6,S-1-5-18,2/18/21 17:21,,,Application,System.UInt32[],System.Diagnostics.Eventing.Reader.EventBookmark,Warning,Info,,System.Collections.ObjectModel.ReadOnlyCollection`1[System.String],System.Collections.Generic.List`1[System.Diagnostics.Eventing.Reader.EventProperty]
"A provider, DMWmiBridgeProv1, has been registered in the Windows Management Instrumentation namespace root\cimv2\mdm\dmmap to use the LocalSystem account. This account is privileged and the provider may cause a security violation if it does not correctly impersonate user requests.",63,2,,3,0,0,-9.22E+18,2699,Microsoft-Windows-WMI,1edeee53-0afe-4609-b846-d8c0b2075b1f,Application,2944,5808,DESKTOP-8OGP4P6,S-1-5-18,2/18/21 17:21,,,Application,System.UInt32[],System.Diagnostics.Eventing.Reader.EventBookmark,Warning,Info,,System.Collections.ObjectModel.ReadOnlyCollection`1[System.String],System.Collections.Generic.List`1[System.Diagnostics.Eventing.Reader.EventProperty]
"A provider, DMWmiBridgeProv, has been registered in the Windows Management Instrumentation namespace root\cimv2\mdm\dmmap to use the LocalSystem account. This account is privileged and the provider may cause a security violation if it does not correctly impersonate user requests.",63,2,,3,0,0,-9.22E+18,2698,Microsoft-Windows-WMI,1edeee53-0afe-4609-b846-d8c0b2075b1f,Application,2944,4312,DESKTOP-8OGP4P6,S-1-5-18,2/18/21 17:21,,,Application,System.UInt32[],System.Diagnostics.Eventing.Reader.EventBookmark,Warning,Info,,System.Collections.ObjectModel.ReadOnlyCollection`1[System.String],System.Collections.Generic.List`1[System.Diagnostics.Eventing.Reader.EventProperty]
"A provider, DMWmiBridgeProv, has been registered in the Windows Management Instrumentation namespace root\cimv2\mdm\dmmap to use the LocalSystem account. This account is privileged and the provider may cause a security violation if it does not correctly impersonate user requests.",63,2,,3,0,0,-9.22E+18,2697,Microsoft-Windows-WMI,1edeee53-0afe-4609-b846-d8c0b2075b1f,Application,2944,4312,DESKTOP-8OGP4P6,S-1-5-18,2/18/21 17:21,,,Application,System.UInt32[],System.Diagnostics.Eventing.Reader.EventBookmark,Warning,Info,,System.Collections.ObjectModel.ReadOnlyCollection`1[System.String],System.Collections.Generic.List`1[System.Diagnostics.Eventing.Reader.EventProperty]
"A provider, DMWmiBridgeProv, has been registered in the Windows Management Instrumentation namespace root\cimv2\mdm\dmmap to use the LocalSystem account. This account is privileged and the provider may cause a security violation if it does not correctly impersonate user requests.",63,2,,3,0,0,-9.22E+18,2696,Microsoft-Windows-WMI,1edeee53-0afe-4609-b846-d8c0b2075b1f,Application,2944,5808,DESKTOP-8OGP4P6,S-1-5-18,2/18/21 17:21,,,Application,System.UInt32[],System.Diagnostics.Eventing.Reader.EventBookmark,Warning,Info,,System.Collections.ObjectModel.ReadOnlyCollection`1[System.String],System.Collections.Generic.List`1[System.Diagnostics.Eventing.Reader.EventProperty]
"Initialization status for service objects.
C:\Windows\system32\sppwinob.dll, msft:spp/windowsfunctionality/agent/7.0, 0x00000000, 0x00000000
C:\Windows\system32\sppobjs.dll, msft:rm/algorithm/inherited/1.0, 0x00000000, 0x00000000
C:\Windows\system32\sppobjs.dll, msft:rm/algorithm/phone/1.0, 0x00000000, 0x00000000
C:\Windows\system32\sppobjs.dll, msft:rm/algorithm/pkey/detect, 0x00000000, 0x00000000
C:\Windows\system32\sppobjs.dll, msft:spp/ActionScheduler/1.0, 0x00000000, 0x00000000
C:\Windows\system32\sppobjs.dll, msft:spp/TaskScheduler/1.0, 0x00000000, 0x00000000
C:\Windows\system32\sppobjs.dll, msft:spp/statecollector/pkey, 0x00000000, 0x00000000
C:\Windows\system32\sppobjs.dll, msft:spp/volume/services/kms/1.0, 0x00000000, 0x00000000
C:\Windows\system32\sppobjs.dll, msft:spp/volume/services/kms/activationinfo/1.0, 0x00000000, 0x00000000
",1066,0,16384,4,0,0,3.60E+16,2695,Microsoft-Windows-Security-SPP,e23b33b0-c8c9-472c-a5f9-f2bdfea0f156,Application,0,0,DESKTOP-8OGP4P6,,2/18/21 17:21,,,Application,System.UInt32[],System.Diagnostics.Eventing.Reader.EventBookmark,Information,,,System.Collections.ObjectModel.ReadOnlyCollection`1[System.String],System.Collections.Generic.List`1[System.Diagnostics.Eventing.Reader.EventProperty]
Offline downlevel migration succeeded.,16394,0,49152,4,0,0,3.60E+16,2694,Microsoft-Windows-Security-SPP,e23b33b0-c8c9-472c-a5f9-f2bdfea0f156,Application,0,0,DESKTOP-8OGP4P6,,2/18/21 17:21,,,Application,System.UInt32[],System.Diagnostics.Eventing.Reader.EventBookmark,Information,,,System.Collections.ObjectModel.ReadOnlyCollection`1[System.String],System.Collections.Generic.List`1[System.Diagnostics.Eventing.Reader.EventProperty]
"The Software Protection service is starting.
Parameters:TriggerStarted:6",900,0,16384,4,0,0,3.60E+16,2693,Microsoft-Windows-Security-SPP,e23b33b0-c8c9-472c-a5f9-f2bdfea0f156,Application,0,0,DESKTOP-8OGP4P6,,2/18/21 17:21,,,Application,System.UInt32[],System.Diagnostics.Eventing.Reader.EventBookmark,Information,,,System.Collections.ObjectModel.ReadOnlyCollection`1[System.String],System.Collections.Generic.List`1[System.Diagnostics.Eventing.Reader.EventProperty]
Restored network configuration.,271,,0,4,0,,3.60E+16,2692,VMUpgradeHelper,,Application,,,DESKTOP-8OGP4P6,,2/18/21 17:20,,,Application,System.UInt32[],System.Diagnostics.Eventing.Reader.EventBookmark,Information,Info,,System.Collections.ObjectModel.ReadOnlyCollection`1[System.String],System.Collections.Generic.List`1[System.Diagnostics.Eventing.Reader.EventProperty]
"MSDTC started with the following settings: Security Configuration (OFF = 0 and ON = 1): Allow Remote Administrator = 0, Network Clients = 0, Transaction Manager Communication:  Allow Inbound Transactions = 0, Allow Outbound Transactions = 0, Transaction Internet Protocol (TIP) = 0,  Enable XA Transactions = 0,  Enable SNA LU 6.2 Transactions = 1,  MSDTC Communications Security = Mutual Authentication Required, Account = NT AUTHORITY\NetworkService,  Firewall Exclusion Detected = 0 Transaction Bridge Installed = 0 Filtering Duplicate Events = 1",4202,0,16384,4,2,0,3.60E+16,2691,Microsoft-Windows-MSDTC 2,5d9e0020-3761-4f36-90c8-38ce6511bd12,Application,0,0,DESKTOP-8OGP4P6,,2/18/21 17:20,,,Application,System.UInt32[],System.Diagnostics.Eventing.Reader.EventBookmark,Information,,TM,System.Collections.ObjectModel.ReadOnlyCollection`1[System.String],System.Collections.Generic.List`1[System.Diagnostics.Eventing.Reader.EventProperty]
Restoring network configuration.,258,,0,4,0,,3.60E+16,2690,VMUpgradeHelper,,Application,,,DESKTOP-8OGP4P6,,2/18/21 17:20,,,Application,System.UInt32[],System.Diagnostics.Eventing.Reader.EventBookmark,Information,Info,,System.Collections.ObjectModel.ReadOnlyCollection`1[System.String],System.Collections.Generic.List`1[System.Diagnostics.Eventing.Reader.EventProperty]
The COM+ sub system is suppressing duplicate event log entries for a duration of 86400 seconds.  The suppression timeout can be controlled by a REG_DWORD value named SuppressDuplicateDuration under the following registry key: HKLM\Software\Microsoft\COM3\Eventlog.,781,0,16384,4,0,0,3.60E+16,2689,Microsoft-Windows-Complus,0f177893-4a9c-4709-b921-f432d67f43d5,Application,0,0,DESKTOP-8OGP4P6,,2/18/21 17:20,,,Application,System.UInt32[],System.Diagnostics.Eventing.Reader.EventBookmark,Information,,,System.Collections.ObjectModel.ReadOnlyCollection`1[System.String],System.Collections.Generic.List`1[System.Diagnostics.Eventing.Reader.EventProperty]
The Desktop Window Manager has registered the session port.,9027,,16384,4,0,,3.60E+16,2688,Desktop Window Manager,,Application,,,DESKTOP-8OGP4P6,,2/18/21 17:20,,,Application,System.UInt32[],System.Diagnostics.Eventing.Reader.EventBookmark,Information,,,System.Collections.ObjectModel.ReadOnlyCollection`1[System.String],System.Collections.Generic.List`1[System.Diagnostics.Eventing.Reader.EventProperty]
Windows Management Instrumentation Service subsystems initialized successfully,5617,2,,4,0,0,-9.22E+18,2687,Microsoft-Windows-WMI,1edeee53-0afe-4609-b846-d8c0b2075b1f,Application,2944,4060,DESKTOP-8OGP4P6,S-1-5-18,2/18/21 17:20,,,Application,System.UInt32[],System.Diagnostics.Eventing.Reader.EventBookmark,Information,Info,,System.Collections.ObjectModel.ReadOnlyCollection`1[System.String],System.Collections.Generic.List`1[System.Diagnostics.Eventing.Reader.EventProperty]
Subject: Security ID: LB\administrator  Account Name: bjones    Object Name: C:\HR\personnell.txt  Handle ID: 0x178 ,4663,,0,4,0,,3.60E+16,2686,Epson PMAService A,,Application,,,DESKTOP-8OGP4P6,,2/18/21 17:20,,,Application,System.UInt32[],System.Diagnostics.Eventing.Reader.EventBookmark,,,,,System.Collections.Generic.List`1[System.Diagnostics.Eventing.Reader.EventProperty]
Windows Management Instrumentation Service started sucessfully,5615,2,,4,0,0,-9.22E+18,2685,Microsoft-Windows-WMI,1edeee53-0afe-4609-b846-d8c0b2075b1f,Application,2944,3360,DESKTOP-8OGP4P6,S-1-5-18,2/18/21 17:20,,,Application,System.UInt32[],System.Diagnostics.Eventing.Reader.EventBookmark,Information,Info,,System.Collections.ObjectModel.ReadOnlyCollection`1[System.String],System.Collections.Generic.List`1[System.Diagnostics.Eventing.Reader.EventProperty]
The service was started.,105,,0,4,0,,3.60E+16,2684,VMTools,,Application,,,DESKTOP-8OGP4P6,,2/18/21 17:20,,,Application,System.UInt32[],System.Diagnostics.Eventing.Reader.EventBookmark,Information,Info,,System.Collections.ObjectModel.ReadOnlyCollection`1[System.String],System.Collections.Generic.List`1[System.Diagnostics.Eventing.Reader.EventProperty]
Subject: Security ID: LB\administrator  Account Name: bjones    Object Name: C:\HR\personnell.txt  Handle ID: 0x178 ,4663,,0,4,0,,3.60E+16,2683,EpsonCustomerResearchParticipation,,Application,,,DESKTOP-8OGP4P6,,2/18/21 17:20,,,Application,System.UInt32[],System.Diagnostics.Eventing.Reader.EventBookmark,,,,,System.Collections.Generic.List`1[System.Diagnostics.Eventing.Reader.EventProperty]
"The User Profile Service has started successfully.  

",1531,0,,4,0,0,-9.22E+18,2682,Microsoft-Windows-User Profiles Service,89b1e9f0-5aff-44a6-9b44-0a07a7ce5845,Application,1556,1664,DESKTOP-8OGP4P6,S-1-5-18,2/18/21 17:20,,,Application,System.UInt32[],System.Diagnostics.Eventing.Reader.EventBookmark,Information,Info,,System.Collections.ObjectModel.ReadOnlyCollection`1[System.String],System.Collections.Generic.List`1[System.Diagnostics.Eventing.Reader.EventProperty]
Account Name user2 blahblah,4625,0,16384,4,0,0,3.60E+16,2681,Microsoft-Windows-EventSystem,899daace-4868-4295-afcd-9eb8fb497561,Application,0,0,DESKTOP-8OGP4P6,,2/18/21 17:20,,,Application,System.UInt32[],System.Diagnostics.Eventing.Reader.EventBookmark,Information,,,System.Collections.ObjectModel.ReadOnlyCollection`1[System.String],System.Collections.Generic.List`1[System.Diagnostics.Eventing.Reader.EventProperty]
"The User Profile Service has stopped.  

",1532,0,,4,0,0,-9.22E+18,2680,Microsoft-Windows-User Profiles Service,89b1e9f0-5aff-44a6-9b44-0a07a7ce5845,Application,1316,1376,DESKTOP-8OGP4P6,S-1-5-18,2/18/21 17:20,,,Application,System.UInt32[],System.Diagnostics.Eventing.Reader.EventBookmark,Information,Info,,System.Collections.ObjectModel.ReadOnlyCollection`1[System.String],System.Collections.Generic.List`1[System.Diagnostics.Eventing.Reader.EventProperty]
The service was stopped.,108,,0,4,0,,3.60E+16,2679,VMTools,,Application,,,DESKTOP-8OGP4P6,,2/18/21 17:20,,,Application,System.UInt32[],System.Diagnostics.Eventing.Reader.EventBookmark,Information,Info,,System.Collections.ObjectModel.ReadOnlyCollection`1[System.String],System.Collections.Generic.List`1[System.Diagnostics.Eventing.Reader.EventProperty]
Saved network configuration.,272,,0,4,0,,3.60E+16,2678,VMUpgradeHelper,,Application,,,DESKTOP-8OGP4P6,,2/18/21 17:20,,,Application,System.UInt32[],System.Diagnostics.Eventing.Reader.EventBookmark,Information,Info,,System.Collections.ObjectModel.ReadOnlyCollection`1[System.String],System.Collections.Generic.List`1[System.Diagnostics.Eventing.Reader.EventProperty]
Saving network configuration.,260,,0,4,0,,3.60E+16,2677,VMUpgradeHelper,,Application,,,DESKTOP-8OGP4P6,,2/18/21 17:20,,,Application,System.UInt32[],System.Diagnostics.Eventing.Reader.EventBookmark,Information,Info,,System.Collections.ObjectModel.ReadOnlyCollection`1[System.String],System.Collections.Generic.List`1[System.Diagnostics.Eventing.Reader.EventProperty]
The winlogon notification subscriber <SessionEnv> was unavailable to handle a notification event.,6000,0,32768,4,0,0,3.60E+16,2676,Microsoft-Windows-Winlogon,dbe9b383-7cf3-4331-91cc-a3cb16a3b538,Application,0,0,DESKTOP-8OGP4P6,,2/18/21 17:18,,,Application,System.UInt32[],System.Diagnostics.Eventing.Reader.EventBookmark,Information,,,System.Collections.ObjectModel.ReadOnlyCollection`1[System.String],System.Collections.Generic.List`1[System.Diagnostics.Eventing.Reader.EventProperty]
The winlogon notification subscriber <WSearch> was unavailable to handle a notification event.,6000,0,32768,4,0,0,3.60E+16,2675,Microsoft-Windows-Winlogon,dbe9b383-7cf3-4331-91cc-a3cb16a3b538,Application,0,0,DESKTOP-8OGP4P6,,2/18/21 17:18,,,Application,System.UInt32[],System.Diagnostics.Eventing.Reader.EventBookmark,Information,,,System.Collections.ObjectModel.ReadOnlyCollection`1[System.String],System.Collections.Generic.List`1[System.Diagnostics.Eventing.Reader.EventProperty]
Successfully scheduled Software Protection service for re-start at 2121-01-26T01:15:31Z. Reason: RulesEngine.,16384,0,16384,4,0,0,3.60E+16,2674,Microsoft-Windows-Security-SPP,e23b33b0-c8c9-472c-a5f9-f2bdfea0f156,Application,0,0,DESKTOP-8OGP4P6,,2/18/21 17:15,,,Application,System.UInt32[],System.Diagnostics.Eventing.Reader.EventBookmark,Information,,,System.Collections.ObjectModel.ReadOnlyCollection`1[System.String],System.Collections.Generic.List`1[System.Diagnostics.Eventing.Reader.EventProperty]
Offline downlevel migration succeeded.,16394,0,49152,4,0,0,3.60E+16,2673,Microsoft-Windows-Security-SPP,e23b33b0-c8c9-472c-a5f9-f2bdfea0f156,Application,0,0,DESKTOP-8OGP4P6,,2/18/21 17:15,,,Application,System.UInt32[],System.Diagnostics.Eventing.Reader.EventBookmark,Information,,,System.Collections.ObjectModel.ReadOnlyCollection`1[System.String],System.Collections.Generic.List`1[System.Diagnostics.Eventing.Reader.EventProperty]
Subject: Security ID: LB\administrator  Account Name: bjones    Object Name: C:\HR\personnell.txt  Handle ID: 0x178 ,4663,,0,4,0,,3.60E+16,2672,gupdate,,Application,,,DESKTOP-8OGP4P6,,2/18/21 16:07,,,Application,System.UInt32[],System.Diagnostics.Eventing.Reader.EventBookmark,,,,,System.Collections.Generic.List`1[System.Diagnostics.Eventing.Reader.EventProperty]
Successfully scheduled Software Protection service for re-start at 2121-01-26T00:07:28Z. Reason: RulesEngine.,16384,0,16384,4,0,0,3.60E+16,2671,Microsoft-Windows-Security-SPP,e23b33b0-c8c9-472c-a5f9-f2bdfea0f156,Application,0,0,DESKTOP-8OGP4P6,,2/18/21 16:07,,,Application,System.UInt32[],System.Diagnostics.Eventing.Reader.EventBookmark,Information,,,System.Collections.ObjectModel.ReadOnlyCollection`1[System.String],System.Collections.Generic.List`1[System.Diagnostics.Eventing.Reader.EventProperty]
Updated Windows Defender status successfully to SECURITY_PRODUCT_STATE_ON.,15,,0,4,0,,3.60E+16,2670,SecurityCenter,,Application,,,DESKTOP-8OGP4P6,,2/18/21 16:06,,,Application,System.UInt32[],System.Diagnostics.Eventing.Reader.EventBookmark,Information,Info,,System.Collections.ObjectModel.ReadOnlyCollection`1[System.String],System.Collections.Generic.List`1[System.Diagnostics.Eventing.Reader.EventProperty]
Offline downlevel migration succeeded.,16394,0,49152,4,0,0,3.60E+16,2669,Microsoft-Windows-Security-SPP,e23b33b0-c8c9-472c-a5f9-f2bdfea0f156,Application,0,0,DESKTOP-8OGP4P6,,2/18/21 16:06,,,Application,System.UInt32[],System.Diagnostics.Eventing.Reader.EventBookmark,Information,,,System.Collections.ObjectModel.ReadOnlyCollection`1[System.String],System.Collections.Generic.List`1[System.Diagnostics.Eventing.Reader.EventProperty]
The VSS service is shutting down due to idle timeout. ,8224,,0,4,0,,3.60E+16,2668,VSS,,Application,,,DESKTOP-8OGP4P6,,2/17/21 18:12,,,Application,System.UInt32[],System.Diagnostics.Eventing.Reader.EventBookmark,Information,Info,,System.Collections.ObjectModel.ReadOnlyCollection`1[System.String],System.Collections.Generic.List`1[System.Diagnostics.Eventing.Reader.EventProperty]
Updated Windows Defender status successfully to SECURITY_PRODUCT_STATE_ON.,15,,0,4,0,,3.60E+16,2667,SecurityCenter,,Application,,,DESKTOP-8OGP4P6,,2/17/21 18:07,,,Application,System.UInt32[],System.Diagnostics.Eventing.Reader.EventBookmark,Information,Info,,System.Collections.ObjectModel.ReadOnlyCollection`1[System.String],System.Collections.Generic.List`1[System.Diagnostics.Eventing.Reader.EventProperty]
Successfully scheduled Software Protection service for re-start at 2121-01-25T02:06:23Z. Reason: RulesEngine.,16384,0,16384,4,0,0,3.60E+16,2666,Microsoft-Windows-Security-SPP,e23b33b0-c8c9-472c-a5f9-f2bdfea0f156,Application,0,0,DESKTOP-8OGP4P6,,2/17/21 18:06,,,Application,System.UInt32[],System.Diagnostics.Eventing.Reader.EventBookmark,Information,,,System.Collections.ObjectModel.ReadOnlyCollection`1[System.String],System.Collections.Generic.List`1[System.Diagnostics.Eventing.Reader.EventProperty]
Updated Windows Defender status successfully to SECURITY_PRODUCT_STATE_ON.,15,,0,4,0,,3.60E+16,2665,SecurityCenter,,Application,,,DESKTOP-8OGP4P6,,2/17/21 18:05,,,Application,System.UInt32[],System.Diagnostics.Eventing.Reader.EventBookmark,Information,Info,,System.Collections.ObjectModel.ReadOnlyCollection`1[System.String],System.Collections.Generic.List`1[System.Diagnostics.Eventing.Reader.EventProperty]
Offline downlevel migration succeeded.,16394,0,49152,4,0,0,3.60E+16,2664,Microsoft-Windows-Security-SPP,e23b33b0-c8c9-472c-a5f9-f2bdfea0f156,Application,0,0,DESKTOP-8OGP4P6,,2/17/21 18:05,,,Application,System.UInt32[],System.Diagnostics.Eventing.Reader.EventBookmark,Information,,,System.Collections.ObjectModel.ReadOnlyCollection`1[System.String],System.Collections.Generic.List`1[System.Diagnostics.Eventing.Reader.EventProperty]
Successfully scheduled Software Protection service for re-start at 2121-01-25T01:35:04Z. Reason: RulesEngine.,16384,0,16384,4,0,0,3.60E+16,2663,Microsoft-Windows-Security-SPP,e23b33b0-c8c9-472c-a5f9-f2bdfea0f156,Application,0,0,DESKTOP-8OGP4P6,,2/17/21 17:35,,,Application,System.UInt32[],System.Diagnostics.Eventing.Reader.EventBookmark,Information,,,System.Collections.ObjectModel.ReadOnlyCollection`1[System.String],System.Collections.Generic.List`1[System.Diagnostics.Eventing.Reader.EventProperty]
Offline downlevel migration succeeded.,16394,0,49152,4,0,0,3.60E+16,2662,Microsoft-Windows-Security-SPP,e23b33b0-c8c9-472c-a5f9-f2bdfea0f156,Application,0,0,DESKTOP-8OGP4P6,,2/17/21 17:34,,,Application,System.UInt32[],System.Diagnostics.Eventing.Reader.EventBookmark,Information,,,System.Collections.ObjectModel.ReadOnlyCollection`1[System.String],System.Collections.Generic.List`1[System.Diagnostics.Eventing.Reader.EventProperty]
Failure to instantiate storage folder C:\Users\mcguertyj\AppData\Local\Packages\Microsoft.MicrosoftOfficeHub_8wekyb3d8bbwe\LocalCache for package Microsoft.MicrosoftOfficeHub_8wekyb3d8bbwe with Error Code: -2147024809,13,0,,2,0,0,-9.22E+18,2661,Microsoft-Windows-AppModel-State,bff15e13-81bf-45ee-8b16-7cfead00da86,Application,10856,1676,DESKTOP-8OGP4P6,S-1-5-21-110707328-881830710-1281915939-1001,2/17/21 17:21,,,Application,System.UInt32[],System.Diagnostics.Eventing.Reader.EventBookmark,Error,Info,,System.Collections.ObjectModel.ReadOnlyCollection`1[System.String],System.Collections.Generic.List`1[System.Diagnostics.Eventing.Reader.EventProperty]
Failure to instantiate storage folder C:\Users\mcguertyj\AppData\Local\Packages\Microsoft.MicrosoftOfficeHub_8wekyb3d8bbwe\LocalCache for package Microsoft.MicrosoftOfficeHub_8wekyb3d8bbwe with Error Code: -2147024809,13,0,,2,0,0,-9.22E+18,2660,Microsoft-Windows-AppModel-State,bff15e13-81bf-45ee-8b16-7cfead00da86,Application,7876,9364,DESKTOP-8OGP4P6,S-1-5-21-110707328-881830710-1281915939-1001,2/17/21 17:04,,,Application,System.UInt32[],System.Diagnostics.Eventing.Reader.EventBookmark,Error,Info,,System.Collections.ObjectModel.ReadOnlyCollection`1[System.String],System.Collections.Generic.List`1[System.Diagnostics.Eventing.Reader.EventProperty]
Failure to instantiate storage folder C:\Users\mcguertyj\AppData\Local\Packages\Microsoft.MicrosoftOfficeHub_8wekyb3d8bbwe\LocalCache for package Microsoft.MicrosoftOfficeHub_8wekyb3d8bbwe with Error Code: -2147024809,13,0,,2,0,0,-9.22E+18,2659,Microsoft-Windows-AppModel-State,bff15e13-81bf-45ee-8b16-7cfead00da86,Application,10296,9828,DESKTOP-8OGP4P6,S-1-5-21-110707328-881830710-1281915939-1001,2/17/21 17:02,,,Application,System.UInt32[],System.Diagnostics.Eventing.Reader.EventBookmark,Error,Info,,System.Collections.ObjectModel.ReadOnlyCollection`1[System.String],System.Collections.Generic.List`1[System.Diagnostics.Eventing.Reader.EventProperty]
"Music.UI (10836,D,2) {9EA6A508-23ED-40F4-9232-7BBEC5CF7BC7}: The database [C:\Users\mcguertyj\AppData\Local\Packages\Microsoft.ZuneMusic_8wekyb3d8bbwe\LocalState\Database\anonymous\tmp.edb] format version is being held back to 8920 (0x22d8) due to application parameter setting of 0x410022D8 (8920 | JET_efvAllowHigherPersistedFormat). Current default engine version: 9100 (0x238c).",330,,0,4,1,,3.60E+16,2658,ESENT,,Application,,,DESKTOP-8OGP4P6,,2/17/21 17:00,,,Application,System.UInt32[],System.Diagnostics.Eventing.Reader.EventBookmark,Information,Info,General,System.Collections.ObjectModel.ReadOnlyCollection`1[System.String],System.Collections.Generic.List`1[System.Diagnostics.Eventing.Reader.EventProperty]
"Music.UI (10836,D,50) {9EA6A508-23ED-40F4-9232-7BBEC5CF7BC7}: The database engine attached a database (1, C:\Users\mcguertyj\AppData\Local\Packages\Microsoft.ZuneMusic_8wekyb3d8bbwe\LocalState\Database\anonymous\EntClientDb.edb). (Time=0 seconds) 
 
Saved Cache: 0 0 
Additional Data: lgposAttach = 00000001:0065:0268,
dbv = 1568.20.0 
 
Internal Timing Sequence: 
[1] 0.000002 +J(0)
[2] 0.000576 +J(0) +M(C:0K, Fs:19, WS:8K # 0K, PF:12K # 0K, P:12K)
[3] 0.003531 -0.000932 (5) WT +J(CM:0, PgRf:0, Rd:0/0, Dy:0/0, Lg:3480/2) +M(C:0K, Fs:153, WS:600K # 0K, PF:80K # 0K, P:80K)
[4] 0.000336 +J(0) +M(C:0K, Fs:11, WS:44K # 0K, PF:4K # 0K, P:4K)
[5] -
[6] -
[7] -
[8] 0.000920 -0.000168 (2) CM +J(CM:2, PgRf:2, Rd:14/2, Dy:0/0, Lg:0/0) +M(C:0K, Fs:54, WS:204K # 0K, PF:120K # 0K, P:120K)
[9] 0.013959 -0.000188 (5) CM -0.013541 (1) WT +J(CM:5, PgRf:23, Rd:0/5, Dy:0/0, Lg:0/0) +M(C:0K, Fs:310, WS:1084K # 340K, PF:324K # 0K, P:324K)
[10] 0.000109 -0.000004 (1) CM +J(CM:1, PgRf:40, Rd:0/1, Dy:0/0, Lg:0/0) +M(C:0K, Fs:6, WS:20K # 20K, PF:68K # 0K, P:68K)
[11] 0.000010 +J(CM:0, PgRf:1, Rd:0/0, Dy:0/0, Lg:0/0) +M(C:0K, Fs:2, WS:8K # 8K, PF:0K # 0K, P:0K)
[12] 0.000035 +J(CM:0, PgRf:42, Rd:0/0, Dy:0/0, Lg:0/0) +M(C:0K, Fs:3, WS:12K # 12K, PF:0K # 0K, P:0K)
[13] 0.0 +J(0)
[14] 0.0 +J(0)
[15] 0.000004 +J(CM:0, PgRf:1, Rd:0/0, Dy:0/0, Lg:0/0).",326,,0,4,1,,3.60E+16,2657,ESENT,,Application,,,DESKTOP-8OGP4P6,,2/17/21 17:00,,,Application,System.UInt32[],System.Diagnostics.Eventing.Reader.EventBookmark,Information,Info,General,System.Collections.ObjectModel.ReadOnlyCollection`1[System.String],System.Collections.Generic.List`1[System.Diagnostics.Eventing.Reader.EventProperty]
"Music.UI (10836,D,50) {9EA6A508-23ED-40F4-9232-7BBEC5CF7BC7}: The log format feature version 8940 (0x22ec - 8.6.20) could not be used due to the current log format 8.5.16, controlled by the parameter 0x410022D8 (8920 | JET_efvAllowHigherPersistedFormat).",641,,0,4,1,,3.60E+16,2656,ESENT,,Application,,,DESKTOP-8OGP4P6,,2/17/21 17:00,,,Application,System.UInt32[],System.Diagnostics.Eventing.Reader.EventBookmark,Information,Info,General,System.Collections.ObjectModel.ReadOnlyCollection`1[System.String],System.Collections.Generic.List`1[System.Diagnostics.Eventing.Reader.EventProperty]
"Music.UI (10836,D,50) {9EA6A508-23ED-40F4-9232-7BBEC5CF7BC7}: The database [C:\Users\mcguertyj\AppData\Local\Packages\Microsoft.ZuneMusic_8wekyb3d8bbwe\LocalState\Database\anonymous\EntClientDb.edb] format version is being held back to 8920 (0x22d8) due to application parameter setting of 0x410022D8 (8920 | JET_efvAllowHigherPersistedFormat). Current default engine version: 9100 (0x238c).",330,,0,4,1,,3.60E+16,2655,ESENT,,Application,,,DESKTOP-8OGP4P6,,2/17/21 17:00,,,Application,System.UInt32[],System.Diagnostics.Eventing.Reader.EventBookmark,Information,Info,General,System.Collections.ObjectModel.ReadOnlyCollection`1[System.String],System.Collections.Generic.List`1[System.Diagnostics.Eventing.Reader.EventProperty]
"Music.UI (10836,D,0) {9EA6A508-23ED-40F4-9232-7BBEC5CF7BC7}: The database engine started a new instance (0). (Time=0 seconds) 
 
Additional Data:
 lgposV2[] = 00000001:005E:0000 - 00000001:0062:002B - 00000001:0063:0000 - 00000001:0063:0000 (00000000:0000:0000)
cReInits = 1
 
 
Internal Timing Sequence: 
[1] 0.005093 +J(0) +M(C:0K, Fs:317, WS:552K # 884K, PF:2376K # 2564K, P:2376K)
[2] 0.000282 +J(0) +M(C:0K, Fs:100, WS:400K # 68K, PF:312K # 124K, P:312K)
[3] 0.000014 +J(0) +M(C:0K, Fs:3, WS:12K # 12K, PF:64K # 64K, P:64K)
[4] 0.000192 +J(0) +M(C:0K, Fs:29, WS:112K # 112K, PF:160K # 160K, P:160K)
[5] 0.001954 +J(0) +M(C:0K, Fs:78, WS:308K # 308K, PF:108K # 108K, P:108K)
[6] 0.004712 +J(0) +M(C:0K, Fs:92, WS:368K # 368K, PF:84K # 84K, P:84K)
[7] 0.008698 -0.006102 (9) WT +J(0) +M(C:0K, Fs:765, WS:3056K # 3056K, PF:2220K # 2220K, P:2220K)
[8] 0.014890 -0.001877 (7) CM -0.004033 (8) WT +J(CM:7, PgRf:12, Rd:0/7, Dy:7/21, Lg:20280/43) +M(C:0K, Fs:351, WS:1056K # 1056K, PF:744K # 744K, P:744K)
[9] 0.000397 +J(0) +M(C:0K, Fs:7, WS:28K # 28K, PF:4K # 4K, P:4K)
[10] 0.001618 -0.000001 (1) WT +J(0) +M(C:0K, Fs:9, WS:-2008K # 12K, PF:-2036K # 0K, P:-2036K)
[11] 0.000071 +J(CM:0, PgRf:0, Rd:0/0, Dy:0/0, Lg:49/1) +M(C:0K, Fs:3, WS:12K # 0K, PF:0K # 0K, P:0K)
[12] 0.038035 -0.000001 (7) CM -0.037890 (3) WT +J(CM:7, PgRf:0, Rd:0/7, Dy:0/0, Lg:0/0) +M(C:0K, Fs:552, WS:2140K # 132K, PF:652K # 0K, P:652K)
[13] 0.027714 -0.000020 (2) CM -0.017235 (20) WT +J(CM:2, PgRf:2, Rd:0/2, Dy:0/0, Lg:8759/5) +M(C:0K, Fs:1153, WS:2144K # 3932K, PF:72K # 736K, P:72K)
[14] 0.000011 +J(0) +M(C:0K, Fs:2, WS:8K # 0K, PF:0K # 0K, P:0K)
[15] 0.000008 +J(0) +M(C:0K, Fs:3, WS:12K # 0K, PF:0K # 0K, P:0K)
[16] 0.000452 +J(0) +M(C:0K, Fs:34, WS:124K # 0K, PF:4K # 0K, P:4K).",105,,0,4,1,,3.60E+16,2654,ESENT,,Application,,,DESKTOP-8OGP4P6,,2/17/21 17:00,,,Application,System.UInt32[],System.Diagnostics.Eventing.Reader.EventBookmark,Information,Info,General,System.Collections.ObjectModel.ReadOnlyCollection`1[System.String],System.Collections.Generic.List`1[System.Diagnostics.Eventing.Reader.EventProperty]
"Music.UI (10836,U,98) {9EA6A508-23ED-40F4-9232-7BBEC5CF7BC7}: The database engine has successfully completed recovery steps.",302,,0,4,3,,3.60E+16,2653,ESENT,,Application,,,DESKTOP-8OGP4P6,,2/17/21 17:00,,,Application,System.UInt32[],System.Diagnostics.Eventing.Reader.EventBookmark,Information,Info,Logging/Recovery,System.Collections.ObjectModel.ReadOnlyCollection`1[System.String],System.Collections.Generic.List`1[System.Diagnostics.Eventing.Reader.EventProperty]
"Music.UI (10836,R,98) {9EA6A508-23ED-40F4-9232-7BBEC5CF7BC7}: The database engine has finished replaying logfile C:\Users\mcguertyj\AppData\Local\Packages\Microsoft.ZuneMusic_8wekyb3d8bbwe\LocalState\Database\anonymous\edb.log. 
 
Processing Stats: 
[1] 0.011612 -0.001877 (7) CM -0.003487 (7) WT +J(CM:7, PgRf:12, Rd:0/7, Dy:7/21, Lg:20280/43) +M(C:0K, Fs:231, WS:592K # 592K, PF:412K # 412K, P:412K). 
Log record of type 'Insert   ' was seen most frequently (8 times)",301,,0,4,3,,3.60E+16,2652,ESENT,,Application,,,DESKTOP-8OGP4P6,,2/17/21 17:00,,,Application,System.UInt32[],System.Diagnostics.Eventing.Reader.EventBookmark,Information,Info,Logging/Recovery,System.Collections.ObjectModel.ReadOnlyCollection`1[System.String],System.Collections.Generic.List`1[System.Diagnostics.Eventing.Reader.EventProperty]
"Music.UI (10836,R,98) {9EA6A508-23ED-40F4-9232-7BBEC5CF7BC7}: The database [C:\Users\mcguertyj\AppData\Local\Packages\Microsoft.ZuneMusic_8wekyb3d8bbwe\LocalState\Database\anonymous\EntClientDb.edb] format version is being held back to 8920 (0x22d8) due to application parameter setting of 0x410022D8 (8920 | JET_efvAllowHigherPersistedFormat). Current default engine version: 9100 (0x238c).",330,,0,4,1,,3.60E+16,2651,ESENT,,Application,,,DESKTOP-8OGP4P6,,2/17/21 17:00,,,Application,System.UInt32[],System.Diagnostics.Eventing.Reader.EventBookmark,Information,Info,General,System.Collections.ObjectModel.ReadOnlyCollection`1[System.String],System.Collections.Generic.List`1[System.Diagnostics.Eventing.Reader.EventProperty]
"Music.UI (10836,R,98) {9EA6A508-23ED-40F4-9232-7BBEC5CF7BC7}: The database engine is initiating recovery steps.",300,,0,4,3,,3.60E+16,2650,ESENT,,Application,,,DESKTOP-8OGP4P6,,2/17/21 17:00,,,Application,System.UInt32[],System.Diagnostics.Eventing.Reader.EventBookmark,Information,Info,Logging/Recovery,System.Collections.ObjectModel.ReadOnlyCollection`1[System.String],System.Collections.Generic.List`1[System.Diagnostics.Eventing.Reader.EventProperty]
"Music.UI (10836,P,98) {9EA6A508-23ED-40F4-9232-7BBEC5CF7BC7}: The database engine (10.00.18362.0000) is starting a new instance (0).",102,,0,4,1,,3.60E+16,2649,ESENT,,Application,,,DESKTOP-8OGP4P6,,2/17/21 17:00,,,Application,System.UInt32[],System.Diagnostics.Eventing.Reader.EventBookmark,Information,Info,General,System.Collections.ObjectModel.ReadOnlyCollection`1[System.String],System.Collections.Generic.List`1[System.Diagnostics.Eventing.Reader.EventProperty]
The VSS service is shutting down due to idle timeout. ,8224,,0,4,0,,3.60E+16,2648,VSS,,Application,,,DESKTOP-8OGP4P6,,2/17/21 16:38,,,Application,System.UInt32[],System.Diagnostics.Eventing.Reader.EventBookmark,Information,Info,,System.Collections.ObjectModel.ReadOnlyCollection`1[System.String],System.Collections.Generic.List`1[System.Diagnostics.Eventing.Reader.EventProperty]
Successfully scheduled Software Protection service for re-start at 2121-01-25T00:36:06Z. Reason: RulesEngine.,16384,0,16384,4,0,0,3.60E+16,2647,Microsoft-Windows-Security-SPP,e23b33b0-c8c9-472c-a5f9-f2bdfea0f156,Application,0,0,DESKTOP-8OGP4P6,,2/17/21 16:36,,,Application,System.UInt32[],System.Diagnostics.Eventing.Reader.EventBookmark,Information,,,System.Collections.ObjectModel.ReadOnlyCollection`1[System.String],System.Collections.Generic.List`1[System.Diagnostics.Eventing.Reader.EventProperty]
Offline downlevel migration succeeded.,16394,0,49152,4,0,0,3.60E+16,2646,Microsoft-Windows-Security-SPP,e23b33b0-c8c9-472c-a5f9-f2bdfea0f156,Application,0,0,DESKTOP-8OGP4P6,,2/17/21 16:35,,,Application,System.UInt32[],System.Diagnostics.Eventing.Reader.EventBookmark,Information,,,System.Collections.ObjectModel.ReadOnlyCollection`1[System.String],System.Collections.Generic.List`1[System.Diagnostics.Eventing.Reader.EventProperty]
Successfully scheduled Software Protection service for re-start at 2121-01-25T00:35:08Z. Reason: RulesEngine.,16384,0,16384,4,0,0,3.60E+16,2645,Microsoft-Windows-Security-SPP,e23b33b0-c8c9-472c-a5f9-f2bdfea0f156,Application,0,0,DESKTOP-8OGP4P6,,2/17/21 16:35,,,Application,System.UInt32[],System.Diagnostics.Eventing.Reader.EventBookmark,Information,,,System.Collections.ObjectModel.ReadOnlyCollection`1[System.String],System.Collections.Generic.List`1[System.Diagnostics.Eventing.Reader.EventProperty]
Offline downlevel migration succeeded.,16394,0,49152,4,0,0,3.60E+16,2644,Microsoft-Windows-Security-SPP,e23b33b0-c8c9-472c-a5f9-f2bdfea0f156,Application,0,0,DESKTOP-8OGP4P6,,2/17/21 16:34,,,Application,System.UInt32[],System.Diagnostics.Eventing.Reader.EventBookmark,Information,,,System.Collections.ObjectModel.ReadOnlyCollection`1[System.String],System.Collections.Generic.List`1[System.Diagnostics.Eventing.Reader.EventProperty]
Successfully scheduled Software Protection service for re-start at 2121-01-25T00:27:55Z. Reason: RulesEngine.,16384,0,16384,4,0,0,3.60E+16,2643,Microsoft-Windows-Security-SPP,e23b33b0-c8c9-472c-a5f9-f2bdfea0f156,Application,0,0,DESKTOP-8OGP4P6,,2/17/21 16:27,,,Application,System.UInt32[],System.Diagnostics.Eventing.Reader.EventBookmark,Information,,,System.Collections.ObjectModel.ReadOnlyCollection`1[System.String],System.Collections.Generic.List`1[System.Diagnostics.Eventing.Reader.EventProperty]
Subject: Security ID: LB\administrator  Account Name: hacker    Object Name: C:\Sales\accounting.txt  Handle ID: 0x178 ,4663,,0,4,0,,3.60E+16,2642,gupdate,,Application,,,DESKTOP-8OGP4P6,,2/17/21 16:27,,,Application,System.UInt32[],System.Diagnostics.Eventing.Reader.EventBookmark,,,,,System.Collections.Generic.List`1[System.Diagnostics.Eventing.Reader.EventProperty]
Updated Windows Defender status successfully to SECURITY_PRODUCT_STATE_ON.,15,,0,4,0,,3.60E+16,2641,SecurityCenter,,Application,,,DESKTOP-8OGP4P6,,2/17/21 16:27,,,Application,System.UInt32[],System.Diagnostics.Eventing.Reader.EventBookmark,Information,Info,,System.Collections.ObjectModel.ReadOnlyCollection`1[System.String],System.Collections.Generic.List`1[System.Diagnostics.Eventing.Reader.EventProperty]
Offline downlevel migration succeeded.,16394,0,49152,4,0,0,3.60E+16,2640,Microsoft-Windows-Security-SPP,e23b33b0-c8c9-472c-a5f9-f2bdfea0f156,Application,0,0,DESKTOP-8OGP4P6,,2/17/21 16:26,,,Application,System.UInt32[],System.Diagnostics.Eventing.Reader.EventBookmark,Information,,,System.Collections.ObjectModel.ReadOnlyCollection`1[System.String],System.Collections.Generic.List`1[System.Diagnostics.Eventing.Reader.EventProperty]
Failure to instantiate storage folder C:\Users\mcguertyj\AppData\Local\Packages\Microsoft.MicrosoftOfficeHub_8wekyb3d8bbwe\LocalCache for package Microsoft.MicrosoftOfficeHub_8wekyb3d8bbwe with Error Code: -2147024809,13,0,,2,0,0,-9.22E+18,2639,Microsoft-Windows-AppModel-State,bff15e13-81bf-45ee-8b16-7cfead00da86,Application,7176,472,DESKTOP-8OGP4P6,S-1-5-21-110707328-881830710-1281915939-1001,2/16/21 17:34,,,Application,System.UInt32[],System.Diagnostics.Eventing.Reader.EventBookmark,Error,Info,,System.Collections.ObjectModel.ReadOnlyCollection`1[System.String],System.Collections.Generic.List`1[System.Diagnostics.Eventing.Reader.EventProperty]
Failure to instantiate storage folder C:\Users\mcguertyj\AppData\Local\Packages\Microsoft.MicrosoftOfficeHub_8wekyb3d8bbwe\LocalCache for package Microsoft.MicrosoftOfficeHub_8wekyb3d8bbwe with Error Code: -2147024809,13,0,,2,0,0,-9.22E+18,2638,Microsoft-Windows-AppModel-State,bff15e13-81bf-45ee-8b16-7cfead00da86,Application,10340,5068,DESKTOP-8OGP4P6,S-1-5-21-110707328-881830710-1281915939-1001,2/16/21 17:21,,,Application,System.UInt32[],System.Diagnostics.Eventing.Reader.EventBookmark,Error,Info,,System.Collections.ObjectModel.ReadOnlyCollection`1[System.String],System.Collections.Generic.List`1[System.Diagnostics.Eventing.Reader.EventProperty]
Successfully scheduled Software Protection service for re-start at 2121-01-24T01:15:59Z. Reason: RulesEngine.,16384,0,16384,4,0,0,3.60E+16,2637,Microsoft-Windows-Security-SPP,e23b33b0-c8c9-472c-a5f9-f2bdfea0f156,Application,0,0,DESKTOP-8OGP4P6,,2/16/21 17:15,,,Application,System.UInt32[],System.Diagnostics.Eventing.Reader.EventBookmark,Information,,,System.Collections.ObjectModel.ReadOnlyCollection`1[System.String],System.Collections.Generic.List`1[System.Diagnostics.Eventing.Reader.EventProperty]
Updated Windows Defender status successfully to SECURITY_PRODUCT_STATE_ON.,15,,0,4,0,,3.60E+16,2636,SecurityCenter,,Application,,,DESKTOP-8OGP4P6,,2/16/21 17:15,,,Application,System.UInt32[],System.Diagnostics.Eventing.Reader.EventBookmark,Information,Info,,System.Collections.ObjectModel.ReadOnlyCollection`1[System.String],System.Collections.Generic.List`1[System.Diagnostics.Eventing.Reader.EventProperty]
