",1003,0,16384,4,0,0,3.60E+16,3067,Microsoft-Windows-Security-SPP,e23b33b0-c8c9-472c-a5f9-f2bdfea0f156,Application,0,0,DESKTOP-8OGP4P6,,2/18/21 17:23,,,Application,System.UInt32[],System.Diagnostics.Eventing.Reader.EventBookmark,Information,,,System.Collections.ObjectModel.ReadOnlyCollection`1[System.String],System.Collections.Generic.List`1[System.Diagnostics.Eventing.Reader.EventProperty]
"Initialization status for service objects.
C:\Windows\system32\sppwinob.dll, msft:spp/windowsfunctionality/agent/7.0, 0x00000000, 0x00000000
C:\Windows\system32\sppobjs.dll, msft:rm/algorithm/inherited/1.0, 0x00000000, 0x00000000
C:\Windows\system32\sppobjs.dll, msft:rm/algorithm/phone/1.0, 0x00000000, 0x00000000
C:\Windows\system32\sppobjs.dll, msft:rm/algorithm/pkey/detect, 0x00000000, 0x00000000
C:\Windows\system32\sppobjs.dll, msft:spp/ActionScheduler/1.0, 0x00000000, 0x00000000
C:\Windows\system32\sppobjs.dll, msft:spp/TaskScheduler/1.0, 0x00000000, 0x00000000
C:\Windows\system32\sppobjs.dll, msft:spp/statecollector/pkey, 0x00000000, 0x00000000
C:\Windows\system32\sppobjs.dll, msft:spp/volume/services/kms/1.0, 0x00000000, 0x00000000
C:\Windows\system32\sppobjs.dll, msft:spp/volume/services/kms/activationinfo/1.0, 0x00000000, 0x00000000
",1066,0,16384,4,0,0,3.60E+16,3066,Microsoft-Windows-Security-SPP,e23b33b0-c8c9-472c-a5f9-f2bdfea0f156,Application,0,0,DESKTOP-8OGP4P6,,2/18/21 17:23,,,Application,System.UInt32[],System.Diagnostics.Eventing.Reader.EventBookmark,Information,,,System.Collections.ObjectModel.ReadOnlyCollection`1[System.String],System.Collections.Generic.List`1[System.Diagnostics.Eventing.Reader.EventProperty]
Offline downlevel migration succeeded.,16394,0,49152,4,0,0,3.60E+16,3065,Microsoft-Windows-Security-SPP,e23b33b0-c8c9-472c-a5f9-f2bdfea0f156,Application,0,0,DESKTOP-8OGP4P6,,2/18/21 17:23,,,Application,System.UInt32[],System.Diagnostics.Eventing.Reader.EventBookmark,Information,,,System.Collections.ObjectModel.ReadOnlyCollection`1[System.String],System.Collections.Generic.List`1[System.Diagnostics.Eventing.Reader.EventProperty]
"The Software Protection service is starting.
Parameters:TriggerStarted:6",900,0,16384,4,0,0,3.60E+16,3064,Microsoft-Windows-Security-SPP,e23b33b0-c8c9-472c-a5f9-f2bdfea0f156,Application,0,0,DESKTOP-8OGP4P6,,2/18/21 17:23,,,Application,System.UInt32[],System.Diagnostics.Eventing.Reader.EventBookmark,Information,,,System.Collections.ObjectModel.ReadOnlyCollection`1[System.String],System.Collections.Generic.List`1[System.Diagnostics.Eventing.Reader.EventProperty]
"msedge (9244,T,97) EdgeDataImporter: The database engine stopped the instance (0). 
 
Dirty Shutdown: 0 
 
Internal Timing Sequence: 
[1] 0.000003 +J(0)
[2] 0.000020 +J(0)
[3] 0.000001 +J(0)
[4] 0.000001 +J(0)
[5] 0.006287 -0.002308 (2) WT +J(0) +M(C:0K, Fs:1, WS:0K # 0K, PF:0K # 0K, P:0K)
[6] 0.000013 +J(0)
[7] 0.000004 +J(0)
[8] 0.008805 -0.001835 (3) WT +J(CM:0, PgRf:0, Rd:0/0, Dy:0/0, Lg:4096/2) +M(C:0K, Fs:2, WS:4K # 0K, PF:20K # 0K, P:20K)
[9] 0.016584 -0.016285 (1) WT +J(CM:0, PgRf:0, Rd:0/0, Dy:0/0, Lg:66/1) +M(C:0K, Fs:1, WS:4K # 0K, PF:0K # 0K, P:0K)
[10] 0.001310 +J(0)
[11] 0.002410 -0.000338 (2) WT +J(0)
[12] 0.000025 +J(0) +M(C:0K, Fs:0, WS:-4K # 0K, PF:-4K # 0K, P:-4K)
[13] 0.000058 +J(0)
[14] 0.000013 +J(0) +M(C:0K, Fs:0, WS:-16K # 0K, PF:-32K # 0K, P:-32K)
[15] 0.000003 +J(0).",103,,0,4,1,,3.60E+16,3063,ESENT,,Application,,,DESKTOP-8OGP4P6,,2/18/21 17:22,,,Application,System.UInt32[],System.Diagnostics.Eventing.Reader.EventBookmark,Information,Info,General,System.Collections.ObjectModel.ReadOnlyCollection`1[System.String],System.Collections.Generic.List`1[System.Diagnostics.Eventing.Reader.EventProperty]
"msedge (9244,D,51) EdgeDataImporter: The database engine detached a database (1, C:\Users\MCGUER~1\AppData\Local\Temp\Importer_6_Default_4 (2)\spartan.edb). (Time=0 seconds) 
 
Revived Cache: 0 0 
Additional Data: lgposDetach = 00000004:0026:029A 
 
Internal Timing Sequence: 
[1] 0.000003 +J(0)
[2] 0.0 +J(0)
[3] 0.000001 +J(0)
[4] 0.0 +J(0)
[5] 0.0 +J(0)
[6] 0.068076 -0.053870 (2) WT +J(0) +M(C:0K, Fs:3, WS:12K # 12K, PF:4K # 8K, P:4K)
[7] 0.000060 +J(0)
[8] 0.005417 -0.000908 (1) WT +J(CM:0, PgRf:0, Rd:0/0, Dy:0/0, Lg:3430/2)
[9] 0.004516 -0.001351 (4) WT +J(0) +M(C:0K, Fs:2, WS:-20K # 8K, PF:-20K # 0K, P:-20K)
[10] 0.000886 +J(0)
[11] 0.000081 +J(0) +M(C:0K, Fs:0, WS:-8K # 0K, PF:-8K # 0K, P:-8K).",327,,0,4,1,,3.60E+16,3062,ESENT,,Application,,,DESKTOP-8OGP4P6,,2/18/21 17:22,,,Application,System.UInt32[],System.Diagnostics.Eventing.Reader.EventBookmark,Information,Info,General,System.Collections.ObjectModel.ReadOnlyCollection`1[System.String],System.Collections.Generic.List`1[System.Diagnostics.Eventing.Reader.EventProperty]
"msedge (9244,D,50) EdgeDataImporter: The database engine attached a database (1, C:\Users\MCGUER~1\AppData\Local\Temp\Importer_6_Default_4 (2)\spartan.edb). (Time=0 seconds) 
 
Saved Cache: 0 1 
Additional Data: lgposAttach = 00000004:0026:0268,
dbv = 1568.20.0 
 
Internal Timing Sequence: 
[1] 0.000001 +J(0)
[2] -
[3] -
[4] -
[5] 0.0 +J(0)
[6] -
[7] 0.007949 -0.001655 (2) CM -0.002676 (3) WT +J(CM:2, PgRf:2, Rd:0/2, Dy:0/0, Lg:50/1) +M(C:-8K, Fs:39, WS:140K # 0K, PF:184K # 0K, P:184K)
[8] -
[9] 0.001695 -0.001430 (8) CM -0.000661 (4) WT +J(CM:8, PgRf:23, Rd:0/8, Dy:0/0, Lg:0/0) +M(C:16K, Fs:28, WS:92K # 0K, PF:216K # 0K, P:216K)
[10] 0.000649 -0.000510 (4) CM -0.000134 (1) WT +J(CM:4, PgRf:40, Rd:0/4, Dy:0/0, Lg:0/0) +M(C:0K, Fs:6, WS:12K # 0K, PF:64K # 0K, P:64K)
[11] 0.006555 -0.006497 (1) CM -0.006367 (1) WT +J(CM:1, PgRf:1, Rd:0/1, Dy:0/0, Lg:0/0) +M(C:-4K, Fs:4, WS:12K # 0K, PF:-4K # 0K, P:-4K)
[12] 0.000061 +J(CM:0, PgRf:42, Rd:0/0, Dy:0/0, Lg:0/0) +M(C:0K, Fs:5, WS:20K # 0K, PF:0K # 0K, P:0K)
[13] 0.000001 +J(0)
[14] 0.0 +J(0)
[15] 0.007695 -0.006085 (2) WT +J(CM:0, PgRf:1, Rd:0/0, Dy:0/0, Lg:0/0) +M(C:0K, Fs:2, WS:0K # 0K, PF:0K # 0K, P:0K).",326,,0,4,1,,3.60E+16,3061,ESENT,,Application,,,DESKTOP-8OGP4P6,,2/18/21 17:22,,,Application,System.UInt32[],System.Diagnostics.Eventing.Reader.EventBookmark,Information,Info,General,System.Collections.ObjectModel.ReadOnlyCollection`1[System.String],System.Collections.Generic.List`1[System.Diagnostics.Eventing.Reader.EventProperty]
"msedge (9244,D,50) EdgeDataImporter: The log format feature version 8940 (0x22ec - 8.6.20) could not be used due to the current log format 8.5.16, controlled by the parameter 0x410022D8 (8920 | JET_efvAllowHigherPersistedFormat).",641,,0,4,1,,3.60E+16,3060,ESENT,,Application,,,DESKTOP-8OGP4P6,,2/18/21 17:22,,,Application,System.UInt32[],System.Diagnostics.Eventing.Reader.EventBookmark,Information,Info,General,System.Collections.ObjectModel.ReadOnlyCollection`1[System.String],System.Collections.Generic.List`1[System.Diagnostics.Eventing.Reader.EventProperty]
"msedge (9244,D,50) EdgeDataImporter: The database [C:\Users\MCGUER~1\AppData\Local\Temp\Importer_6_Default_4 (2)\spartan.edb] format version is being held back to 8920 (0x22d8) due to application parameter setting of 0x410022D8 (8920 | JET_efvAllowHigherPersistedFormat). Current default engine version: 9100 (0x238c).",330,,0,4,1,,3.60E+16,3059,ESENT,,Application,,,DESKTOP-8OGP4P6,,2/18/21 17:22,,,Application,System.UInt32[],System.Diagnostics.Eventing.Reader.EventBookmark,Information,Info,General,System.Collections.ObjectModel.ReadOnlyCollection`1[System.String],System.Collections.Generic.List`1[System.Diagnostics.Eventing.Reader.EventProperty]
"msedge (9244,D,0) EdgeDataImporter: The database engine started a new instance (0). (Time=0 seconds) 
 
Additional Data:
 lgposV2[] = 00000004:0023:0000 - 00000004:0025:004B - 00000004:0026:0000 - 00000000:0000:0000 (00000000:0000:0000)
cReInits = 15
 
 
Internal Timing Sequence: 
[1] 0.000761 +J(0) +M(C:0K, Fs:206, WS:804K # 620K, PF:2900K # 2236K, P:2900K)
[2] 0.000179 +J(0) +M(C:16K, Fs:122, WS:484K # 484K, PF:24K # 24K, P:24K)
[3] 0.000020 +J(0) +M(C:0K, Fs:13, WS:52K # 52K, PF:64K # 64K, P:64K)
[4] 0.000175 +J(0) +M(C:0K, Fs:55, WS:216K # 216K, PF:140K # 140K, P:140K)
[5] 0.000659 +J(0) +M(C:0K, Fs:25, WS:76K # 92K, PF:-88K # 0K, P:-88K)
[6] 0.003624 +J(0) +M(C:0K, Fs:30, WS:116K # 100K, PF:16K # 0K, P:16K)
[7] 0.001991 -0.000623 (3) WT +J(0) +M(C:0K, Fs:150, WS:600K # 600K, PF:512K # 440K, P:512K)
[8] 0.287355 -0.163678 (19) WT +J(CM:0, PgRf:0, Rd:0/0, Dy:0/0, Lg:117832/101) +M(C:0K, Fs:250, WS:332K # 340K, PF:196K # 204K, P:196K)
[9] 0.002475 +J(0) +M(C:0K, Fs:12, WS:44K # 36K, PF:28K # 20K, P:28K)
[10] 0.000842 -0.000001 (1) WT +J(0) +M(C:0K, Fs:0, WS:-508K # 0K, PF:-508K # 0K, P:-508K)
[11] -
[12] -
[13] 0.006479 -0.001299 (3) WT +J(CM:0, PgRf:0, Rd:0/0, Dy:0/0, Lg:616/1) +M(C:0K, Fs:129, WS:0K # 0K, PF:-8K # 0K, P:-8K)
[14] 0.000015 +J(0)
[15] 0.000008 +J(0)
[16] 0.003192 -0.002737 (1) WT +J(0) +M(C:0K, Fs:2, WS:0K # 0K, PF:0K # 0K, P:0K).",105,,0,4,1,,3.60E+16,3058,ESENT,,Application,,,DESKTOP-8OGP4P6,,2/18/21 17:22,,,Application,System.UInt32[],System.Diagnostics.Eventing.Reader.EventBookmark,Information,Info,General,System.Collections.ObjectModel.ReadOnlyCollection`1[System.String],System.Collections.Generic.List`1[System.Diagnostics.Eventing.Reader.EventProperty]
"msedge (9244,R,98) EdgeDataImporter: The database engine has successfully completed recovery steps.",302,,0,4,3,,3.60E+16,3057,ESENT,,Application,,,DESKTOP-8OGP4P6,,2/18/21 17:22,,,Application,System.UInt32[],System.Diagnostics.Eventing.Reader.EventBookmark,Information,Info,Logging/Recovery,System.Collections.ObjectModel.ReadOnlyCollection`1[System.String],System.Collections.Generic.List`1[System.Diagnostics.Eventing.Reader.EventProperty]
"msedge (9244,R,98) EdgeDataImporter: The database engine has finished replaying logfile C:\Users\MCGUER~1\AppData\Local\Temp\Importer_6_Default_4 (2)\LogFiles\edb.log. 
 
Processing Stats: 
[1] 0.267730 -0.161010 (14) WT +J(CM:0, PgRf:0, Rd:0/0, Dy:0/0, Lg:117832/101) +M(C:0K, Fs:191, WS:184K # 128K, PF:120K # 56K, P:120K). 
Log record of type 'Init     ' was seen most frequently (15 times)",301,,0,4,3,,3.60E+16,3056,ESENT,,Application,,,DESKTOP-8OGP4P6,,2/18/21 17:22,,,Application,System.UInt32[],System.Diagnostics.Eventing.Reader.EventBookmark,Information,Info,Logging/Recovery,System.Collections.ObjectModel.ReadOnlyCollection`1[System.String],System.Collections.Generic.List`1[System.Diagnostics.Eventing.Reader.EventProperty]
"msedge (9244,R,98) EdgeDataImporter: The database [C:\Users\MCGUER~1\AppData\Local\Temp\Importer_6_Default_4 (2)\spartan.edb] format version is being held back to 8920 (0x22d8) due to application parameter setting of 0x410022D8 (8920 | JET_efvAllowHigherPersistedFormat). Current default engine version: 9100 (0x238c).",330,,0,4,1,,3.60E+16,3055,ESENT,,Application,,,DESKTOP-8OGP4P6,,2/18/21 17:22,,,Application,System.UInt32[],System.Diagnostics.Eventing.Reader.EventBookmark,Information,Info,General,System.Collections.ObjectModel.ReadOnlyCollection`1[System.String],System.Collections.Generic.List`1[System.Diagnostics.Eventing.Reader.EventProperty]
"msedge (9244,R,98) EdgeDataImporter: The database engine is initiating recovery steps.",300,,0,4,3,,3.60E+16,3054,ESENT,,Application,,,DESKTOP-8OGP4P6,,2/18/21 17:22,,,Application,System.UInt32[],System.Diagnostics.Eventing.Reader.EventBookmark,Information,Info,Logging/Recovery,System.Collections.ObjectModel.ReadOnlyCollection`1[System.String],System.Collections.Generic.List`1[System.Diagnostics.Eventing.Reader.EventProperty]
"msedge (9244,P,98) EdgeDataImporter: The database engine (10.00.18363.0000) is starting a new instance (0).",102,,0,4,1,,3.60E+16,3053,ESENT,,Application,,,DESKTOP-8OGP4P6,,2/18/21 17:22,,,Application,System.UInt32[],System.Diagnostics.Eventing.Reader.EventBookmark,Information,Info,General,System.Collections.ObjectModel.ReadOnlyCollection`1[System.String],System.Collections.Generic.List`1[System.Diagnostics.Eventing.Reader.EventProperty]
"SearchIndexer (7440,D,50) Windows: The database engine attached a database (1, C:\ProgramData\Microsoft\Search\Data\Applications\Windows\Windows.edb). (Time=0 seconds) 
 
Saved Cache: 0 0 
Additional Data: lgposAttach = 00000022:007F:0268,
dbv = 1568.20.0 
 
Internal Timing Sequence: 
[1] 0.000004 +J(0) +M(C:0K, Fs:1, WS:4K # 0K, PF:0K # 0K, P:0K)
[2] 0.001860 -0.000466 (1) WT +J(0) +M(C:0K, Fs:25, WS:36K # 0K, PF:32K # 0K, P:32K)
[3] 0.027288 -0.011394 (6) WT +J(CM:0, PgRf:0, Rd:0/0, Dy:0/0, Lg:3480/2) +M(C:0K, Fs:42, WS:124K # 0K, PF:148K # 0K, P:148K)
[4] 0.000081 +J(0)
[5] -
[6] -
[7] -
[8] 0.009452 -0.002490 (2) CM +J(CM:2, PgRf:2, Rd:14/2, Dy:0/0, Lg:0/0) +M(C:0K, Fs:56, WS:224K # 0K, PF:660K # 0K, P:660K)
[9] 0.028587 -0.001262 (5) CM -0.021821 (1) WT +J(CM:5, PgRf:23, Rd:0/5, Dy:0/0, Lg:0/0) +M(C:0K, Fs:66, WS:264K # 0K, PF:256K # 140K, P:256K)
[10] 0.001679 -0.001569 (1) CM +J(CM:1, PgRf:40, Rd:0/1, Dy:0/0, Lg:0/0) +M(C:0K, Fs:11, WS:44K # 20K, PF:96K # 96K, P:96K)
[11] 0.000013 +J(CM:0, PgRf:1, Rd:0/0, Dy:0/0, Lg:0/0) +M(C:0K, Fs:4, WS:16K # 16K, PF:0K # 0K, P:0K)
[12] 0.000030 +J(CM:0, PgRf:42, Rd:0/0, Dy:0/0, Lg:0/0) +M(C:0K, Fs:3, WS:12K # 12K, PF:0K # 0K, P:0K)
[13] 0.0 +J(0)
[14] 0.0 +J(0)
[15] 0.008848 -0.001666 (2) WT +J(CM:0, PgRf:1, Rd:0/0, Dy:0/0, Lg:0/0) +M(C:0K, Fs:9, WS:0K # 32K, PF:0K # 36K, P:0K).",326,,0,4,1,,3.60E+16,3051,ESENT,,Application,,,DESKTOP-8OGP4P6,,2/18/21 17:22,,,Application,System.UInt32[],System.Diagnostics.Eventing.Reader.EventBookmark,Information,Info,General,System.Collections.ObjectModel.ReadOnlyCollection`1[System.String],System.Collections.Generic.List`1[System.Diagnostics.Eventing.Reader.EventProperty]
"SearchIndexer (7440,D,50) Windows: The log format feature version 8940 (0x22ec - 8.6.20) could not be used due to the current log format 8.5.16, controlled by the parameter 0x410022D8 (8920 | JET_efvAllowHigherPersistedFormat).",641,,0,4,1,,3.60E+16,3050,ESENT,,Application,,,DESKTOP-8OGP4P6,,2/18/21 17:22,,,Application,System.UInt32[],System.Diagnostics.Eventing.Reader.EventBookmark,Information,Info,General,System.Collections.ObjectModel.ReadOnlyCollection`1[System.String],System.Collections.Generic.List`1[System.Diagnostics.Eventing.Reader.EventProperty]
"SearchIndexer (7440,D,50) Windows: The database [C:\ProgramData\Microsoft\Search\Data\Applications\Windows\Windows.edb] format version is being held back to 8920 (0x22d8) due to application parameter setting of 0x410022D8 (8920 | JET_efvAllowHigherPersistedFormat). Current default engine version: 9100 (0x238c).",330,,0,4,1,,3.60E+16,3049,ESENT,,Application,,,DESKTOP-8OGP4P6,,2/18/21 17:22,,,Application,System.UInt32[],System.Diagnostics.Eventing.Reader.EventBookmark,Information,Info,General,System.Collections.ObjectModel.ReadOnlyCollection`1[System.String],System.Collections.Generic.List`1[System.Diagnostics.Eventing.Reader.EventProperty]
"SearchIndexer (7440,D,0) Windows: The database engine started a new instance (0). (Time=0 seconds) 
 
Additional Data:
  
 
Internal Timing Sequence: 
[1] 0.003716 +J(0) +M(C:0K, Fs:185, WS:720K # 720K, PF:4528K # 4500K, P:4528K)
[2] 0.000340 +J(0) +M(C:0K, Fs:114, WS:452K # 452K, PF:384K # 384K, P:384K)
[3] 0.001380 +J(0) +M(C:0K, Fs:25, WS:96K # 96K, PF:132K # 132K, P:132K)
[4] 0.000111 +J(0) +M(C:0K, Fs:35, WS:140K # 140K, PF:372K # 372K, P:372K)
[5] 0.000557 +J(0) +M(C:0K, Fs:67, WS:268K # 268K, PF:560K # 560K, P:560K)
[6] 0.002507 +J(0) +M(C:0K, Fs:43, WS:168K # 168K, PF:24K # 24K, P:24K)
[7] 0.003990 -0.002829 (2) WT +J(0) +M(C:0K, Fs:302, WS:1208K # 1208K, PF:1092K # 1092K, P:1092K)
[8] -
[9] -
[10] -
[11] -
[12] -
[13] 0.010751 -0.001470 (1) WT +J(CM:0, PgRf:0, Rd:0/0, Dy:0/0, Lg:616/1) +M(C:0K, Fs:9, WS:-1000K # 12K, PF:-1012K # 12K, P:-1012K)
[14] 0.000016 +J(0) +M(C:0K, Fs:2, WS:8K # 0K, PF:0K # 0K, P:0K)
[15] 0.000060 +J(0) +M(C:0K, Fs:64, WS:256K # 0K, PF:64K # 0K, P:64K)
[16] 0.000159 +J(0) +M(C:0K, Fs:3, WS:4K # 0K, PF:0K # 0K, P:0K).",105,,0,4,1,,3.60E+16,3048,ESENT,,Application,,,DESKTOP-8OGP4P6,,2/18/21 17:22,,,Application,System.UInt32[],System.Diagnostics.Eventing.Reader.EventBookmark,Information,Info,General,System.Collections.ObjectModel.ReadOnlyCollection`1[System.String],System.Collections.Generic.List`1[System.Diagnostics.Eventing.Reader.EventProperty]
"SearchIndexer (7440,P,98) Windows: The database engine (10.00.18363.0000) is starting a new instance (0).",102,,0,4,1,,3.60E+16,3047,ESENT,,Application,,,DESKTOP-8OGP4P6,,2/18/21 17:22,,,Application,System.UInt32[],System.Diagnostics.Eventing.Reader.EventBookmark,Information,Info,General,System.Collections.ObjectModel.ReadOnlyCollection`1[System.String],System.Collections.Generic.List`1[System.Diagnostics.Eventing.Reader.EventProperty]
The winlogon notification subscriber <SessionEnv> was unavailable to handle a notification event.,6000,0,32768,4,0,0,3.60E+16,3046,Microsoft-Windows-Winlogon,dbe9b383-7cf3-4331-91cc-a3cb16a3b538,Application,0,0,DESKTOP-8OGP4P6,,2/18/21 17:22,,,Application,System.UInt32[],System.Diagnostics.Eventing.Reader.EventBookmark,Information,,,System.Collections.ObjectModel.ReadOnlyCollection`1[System.String],System.Collections.Generic.List`1[System.Diagnostics.Eventing.Reader.EventProperty]
The winlogon notification subscriber <SessionEnv> was unavailable to handle a critical notification event.,6003,0,32768,4,0,0,3.60E+16,3045,Microsoft-Windows-Winlogon,dbe9b383-7cf3-4331-91cc-a3cb16a3b538,Application,0,0,DESKTOP-8OGP4P6,,2/18/21 17:22,,,Application,System.UInt32[],System.Diagnostics.Eventing.Reader.EventBookmark,Information,,,System.Collections.ObjectModel.ReadOnlyCollection`1[System.String],System.Collections.Generic.List`1[System.Diagnostics.Eventing.Reader.EventProperty]
Windows Management Instrumentation Service subsystems initialized successfully,5617,2,,4,0,0,-9.22E+18,3044,Microsoft-Windows-WMI,1edeee53-0afe-4609-b846-d8c0b2075b1f,Application,3100,3868,DESKTOP-8OGP4P6,S-1-5-18,2/18/21 17:21,,,Application,System.UInt32[],System.Diagnostics.Eventing.Reader.EventBookmark,Information,Info,,System.Collections.ObjectModel.ReadOnlyCollection`1[System.String],System.Collections.Generic.List`1[System.Diagnostics.Eventing.Reader.EventProperty]
Restored network configuration.,271,,0,4,0,,3.60E+16,3043,VMUpgradeHelper,,Application,,,DESKTOP-8OGP4P6,,2/18/21 17:21,,,Application,System.UInt32[],System.Diagnostics.Eventing.Reader.EventBookmark,Information,Info,,System.Collections.ObjectModel.ReadOnlyCollection`1[System.String],System.Collections.Generic.List`1[System.Diagnostics.Eventing.Reader.EventProperty]
"MSDTC started with the following settings: Security Configuration (OFF = 0 and ON = 1): Allow Remote Administrator = 0, Network Clients = 0, Transaction Manager Communication:  Allow Inbound Transactions = 0, Allow Outbound Transactions = 0, Transaction Internet Protocol (TIP) = 0,  Enable XA Transactions = 0,  Enable SNA LU 6.2 Transactions = 1,  MSDTC Communications Security = Mutual Authentication Required, Account = NT AUTHORITY\NetworkService,  Firewall Exclusion Detected = 0 Transaction Bridge Installed = 0 Filtering Duplicate Events = 1",4202,0,16384,4,2,0,3.60E+16,3042,Microsoft-Windows-MSDTC 2,5d9e0020-3761-4f36-90c8-38ce6511bd12,Application,0,0,DESKTOP-8OGP4P6,,2/18/21 17:21,,,Application,System.UInt32[],System.Diagnostics.Eventing.Reader.EventBookmark,Information,,TM,System.Collections.ObjectModel.ReadOnlyCollection`1[System.String],System.Collections.Generic.List`1[System.Diagnostics.Eventing.Reader.EventProperty]
Restoring network configuration.,258,,0,4,0,,3.60E+16,3041,VMUpgradeHelper,,Application,,,DESKTOP-8OGP4P6,,2/18/21 17:21,,,Application,System.UInt32[],System.Diagnostics.Eventing.Reader.EventBookmark,Information,Info,,System.Collections.ObjectModel.ReadOnlyCollection`1[System.String],System.Collections.Generic.List`1[System.Diagnostics.Eventing.Reader.EventProperty]
The COM+ sub system is suppressing duplicate event log entries for a duration of 86400 seconds.  The suppression timeout can be controlled by a REG_DWORD value named SuppressDuplicateDuration under the following registry key: HKLM\Software\Microsoft\COM3\Eventlog.,781,0,16384,4,0,0,3.60E+16,3040,Microsoft-Windows-Complus,0f177893-4a9c-4709-b921-f432d67f43d5,Application,0,0,DESKTOP-8OGP4P6,,2/18/21 17:21,,,Application,System.UInt32[],System.Diagnostics.Eventing.Reader.EventBookmark,Information,,,System.Collections.ObjectModel.ReadOnlyCollection`1[System.String],System.Collections.Generic.List`1[System.Diagnostics.Eventing.Reader.EventProperty]
Windows Management Instrumentation Service started sucessfully,5615,2,,4,0,0,-9.22E+18,3039,Microsoft-Windows-WMI,1edeee53-0afe-4609-b846-d8c0b2075b1f,Application,3100,3208,DESKTOP-8OGP4P6,S-1-5-18,2/18/21 17:21,,,Application,System.UInt32[],System.Diagnostics.Eventing.Reader.EventBookmark,Information,Info,,System.Collections.ObjectModel.ReadOnlyCollection`1[System.String],System.Collections.Generic.List`1[System.Diagnostics.Eventing.Reader.EventProperty]
Subject: Security ID: LB\administrator  Account Name: bwilliams    Object Name: C:\pesonnell\Employees.txt  Handle ID: 0x178 ,4663,,0,4,0,,3.60E+16,3038,Epson PMAService A,,Application,,,DESKTOP-8OGP4P6,,2/18/21 17:21,,,Application,System.UInt32[],System.Diagnostics.Eventing.Reader.EventBookmark,,,,,System.Collections.Generic.List`1[System.Diagnostics.Eventing.Reader.EventProperty]
The service was started.,105,,0,4,0,,3.60E+16,3037,VMTools,,Application,,,DESKTOP-8OGP4P6,,2/18/21 17:21,,,Application,System.UInt32[],System.Diagnostics.Eventing.Reader.EventBookmark,Information,Info,,System.Collections.ObjectModel.ReadOnlyCollection`1[System.String],System.Collections.Generic.List`1[System.Diagnostics.Eventing.Reader.EventProperty]
Subject: Security ID: LB\administrator  Account Name: bwilliams    Object Name: C:\pesonnell\Employees.txt  Handle ID: 0x178 ,4663,,0,4,0,,3.60E+16,3036,EpsonCustomerResearchParticipation,,Application,,,DESKTOP-8OGP4P6,,2/18/21 17:21,,,Application,System.UInt32[],System.Diagnostics.Eventing.Reader.EventBookmark,,,,,System.Collections.Generic.List`1[System.Diagnostics.Eventing.Reader.EventProperty]
"The User Profile Service has started successfully.  

",1531,0,,4,0,0,-9.22E+18,3035,Microsoft-Windows-User Profiles Service,89b1e9f0-5aff-44a6-9b44-0a07a7ce5845,Application,1744,1892,DESKTOP-8OGP4P6,S-1-5-18,2/18/21 17:21,,,Application,System.UInt32[],System.Diagnostics.Eventing.Reader.EventBookmark,Information,Info,,System.Collections.ObjectModel.ReadOnlyCollection`1[System.String],System.Collections.Generic.List`1[System.Diagnostics.Eventing.Reader.EventProperty]
Account Name user2 blahblah,4625,0,16384,4,0,0,3.60E+16,3034,Microsoft-Windows-EventSystem,899daace-4868-4295-afcd-9eb8fb497561,Application,0,0,DESKTOP-8OGP4P6,,2/18/21 17:21,,,Application,System.UInt32[],System.Diagnostics.Eventing.Reader.EventBookmark,Information,,,System.Collections.ObjectModel.ReadOnlyCollection`1[System.String],System.Collections.Generic.List`1[System.Diagnostics.Eventing.Reader.EventProperty]
"The User Profile Service has stopped.  

",1532,0,,4,0,0,-9.22E+18,3033,Microsoft-Windows-User Profiles Service,89b1e9f0-5aff-44a6-9b44-0a07a7ce5845,Application,1556,1664,DESKTOP-8OGP4P6,S-1-5-18,2/18/21 17:21,,,Application,System.UInt32[],System.Diagnostics.Eventing.Reader.EventBookmark,Information,Info,,System.Collections.ObjectModel.ReadOnlyCollection`1[System.String],System.Collections.Generic.List`1[System.Diagnostics.Eventing.Reader.EventProperty]
The MS DTC service is stopping.,4111,0,16384,4,1,0,3.60E+16,3032,Microsoft-Windows-MSDTC,719be4ed-e9bc-4dd8-a7cf-c85ce8e4975d,Application,0,0,DESKTOP-8OGP4P6,,2/18/21 17:21,,,Application,System.UInt32[],System.Diagnostics.Eventing.Reader.EventBookmark,Information,,SVC,System.Collections.ObjectModel.ReadOnlyCollection`1[System.String],System.Collections.Generic.List`1[System.Diagnostics.Eventing.Reader.EventProperty]
The service was stopped.,108,,0,4,0,,3.60E+16,3031,VMTools,,Application,,,DESKTOP-8OGP4P6,,2/18/21 17:21,,,Application,System.UInt32[],System.Diagnostics.Eventing.Reader.EventBookmark,Information,Info,,System.Collections.ObjectModel.ReadOnlyCollection`1[System.String],System.Collections.Generic.List`1[System.Diagnostics.Eventing.Reader.EventProperty]
Saved network configuration.,272,,0,4,0,,3.60E+16,3030,VMUpgradeHelper,,Application,,,DESKTOP-8OGP4P6,,2/18/21 17:21,,,Application,System.UInt32[],System.Diagnostics.Eventing.Reader.EventBookmark,Information,Info,,System.Collections.ObjectModel.ReadOnlyCollection`1[System.String],System.Collections.Generic.List`1[System.Diagnostics.Eventing.Reader.EventProperty]
Saving network configuration.,260,,0,4,0,,3.60E+16,3029,VMUpgradeHelper,,Application,,,DESKTOP-8OGP4P6,,2/18/21 17:21,,,Application,System.UInt32[],System.Diagnostics.Eventing.Reader.EventBookmark,Information,Info,,System.Collections.ObjectModel.ReadOnlyCollection`1[System.String],System.Collections.Generic.List`1[System.Diagnostics.Eventing.Reader.EventProperty]
.NET Runtime Optimization Service (4.0.30319.0) - Installed from repository: mscorlib,1130,,0,0,0,,3.60E+16,3028,.NET Runtime Optimization Service,,Application,,,DESKTOP-8OGP4P6,,2/18/21 17:21,,,Application,System.UInt32[],System.Diagnostics.Eventing.Reader.EventBookmark,Information,Info,,System.Collections.ObjectModel.ReadOnlyCollection`1[System.String],System.Collections.Generic.List`1[System.Diagnostics.Eventing.Reader.EventProperty]
The winlogon notification subscriber <TrustedInstaller> failed a critical notification event.,6004,0,32768,3,0,0,3.60E+16,3027,Microsoft-Windows-Winlogon,dbe9b383-7cf3-4331-91cc-a3cb16a3b538,Application,0,0,DESKTOP-8OGP4P6,,2/18/21 17:21,,,Application,System.UInt32[],System.Diagnostics.Eventing.Reader.EventBookmark,Warning,,,System.Collections.ObjectModel.ReadOnlyCollection`1[System.String],System.Collections.Generic.List`1[System.Diagnostics.Eventing.Reader.EventProperty]
.NET Runtime Optimization Service (4.0.30319.0) - Installed from repository: mscorlib,1130,,0,0,0,,3.60E+16,3026,.NET Runtime Optimization Service,,Application,,,DESKTOP-8OGP4P6,,2/18/21 17:21,,,Application,System.UInt32[],System.Diagnostics.Eventing.Reader.EventBookmark,Information,Info,,System.Collections.ObjectModel.ReadOnlyCollection`1[System.String],System.Collections.Generic.List`1[System.Diagnostics.Eventing.Reader.EventProperty]
"The rules engine successfully re-evaluated the schedule.
Kernel policies:
Security-SPP-Action-StateData (REG_SZ) =AppId=55c92734-d682-4d71-983e-d6ec3f16059f;LastConsumptionReason=0x4004f401;LastNotificationId=Cleanup;LicenseState=SL_LICENSING_STATUS_LICENSED;PartialProductKey=3V66T;ProductKeyType=Retail;SkuId=4de7cb65-cdf1-4de9-8ae8-e3cce27b9f2c;ruleId=379cccfb-d4e0-48fe-b0f2-0136097be147;uxDifferentiator=RETAIL",8230,0,16384,4,0,0,3.60E+16,3023,Microsoft-Windows-Security-SPP,e23b33b0-c8c9-472c-a5f9-f2bdfea0f156,Application,0,0,DESKTOP-8OGP4P6,,2/18/21 17:21,,,Application,System.UInt32[],System.Diagnostics.Eventing.Reader.EventBookmark,Information,,,System.Collections.ObjectModel.ReadOnlyCollection`1[System.String],System.Collections.Generic.List`1[System.Diagnostics.Eventing.Reader.EventProperty]
"The Software Protection service has started.
10.0.18362.1171",902,0,16384,0,0,0,3.60E+16,3022,Microsoft-Windows-Security-SPP,e23b33b0-c8c9-472c-a5f9-f2bdfea0f156,Application,0,0,DESKTOP-8OGP4P6,,2/18/21 17:21,,,Application,System.UInt32[],System.Diagnostics.Eventing.Reader.EventBookmark,Information,,,System.Collections.ObjectModel.ReadOnlyCollection`1[System.String],System.Collections.Generic.List`1[System.Diagnostics.Eventing.Reader.EventProperty]
"The Software Protection service has completed licensing status check.
Application Id=55c92734-d682-4d71-983e-d6ec3f16059f
Licensing Status=
1: 040fa323-92b1-4baf-97a2-5b67feaefddb, 1, 0 [(0 [0xC004F014, 0, 0], [(?)(?)(?)(?)(?)(?)(?)(?)])(1 )(2 )(3 )]
2: 0724cb7d-3437-4cb7-93cb-830375d0079d, 1, 0 [(0 [0xC004F014, 0, 0], [(?)(?)(?)(?)(?)(?)(?)(?)])(1 )(2 )(3 )]
3: 0ad2ac98-7bb9-4201-8d92-312299201369, 1, 0 [(0 [0xC004F014, 0, 0], [(?)(?)(?)(?)(?)(?)(?)(?)])(1 )(2 )(3 )]
4: 1a9a717a-cf13-4ba5-83c3-0fe25fa868d5, 1, 0 [(0 [0xC004F014, 0, 0], [(?)(?)(?)(?)(?)(?)(?)(?)])(1 )(2 )(3 )]
5: 221a02da-e2a1-4b75-864c-0a4410a33fdf, 1, 0 [(0 [0xC004F014, 0, 0], [(?)(?)(?)(?)(?)(?)(?)(?)])(1 )(2 )(3 )]
6: 291ece0e-9c38-40ca-a9e1-32cc7ec19507, 1, 0 [(0 [0xC004F014, 0, 0], [(?)(?)(?)(?)(?)(?)(?)(?)])(1 )(2 )(3 )]
7: 2936d1d2-913a-4542-b54e-ce5a602a2a38, 1, 0 [(0 [0xC004F014, 0, 0], [(?)(?)(?)(?)(?)(?)(?)(?)])(1 )(2 )(3 )]
8: 2c293c26-a45a-4a2a-a350-c69a67097529, 1, 0 [(0 [0xC004F014, 0, 0], [(?)(?)(?)(?)(?)(?)(?)(?)])(1 )(2 )(3 )]
9: 2de67392-b7a7-462a-b1ca-108dd189f588, 1, 0 [(0 [0xC004F014, 0, 0], [(?)(?)(?)(?)(?)(?)(?)(?)])(1 )(2 )(3 )]
10: 2ffd8952-423e-4903-b993-72a1aa44cf82, 1, 0 [(0 [0xC004F014, 0, 0], [(?)(?)(?)(?)(?)(?)(?)(?)])(1 )(2 )(3 )]
11: 30a42c86-b7a0-4a34-8c90-ff177cb2acb7, 1, 0 [(0 [0xC004F014, 0, 0], [(?)(?)(?)(?)(?)(?)(?)(?)])(1 )(2 )(3 )]
12: 345a5db0-d94f-4e3b-a0c0-7c42f7bc3ebf, 1, 0 [(0 [0xC004F014, 0, 0], [(?)(?)(?)(?)(?)(?)(?)(?)])(1 )(2 )(3 )]
13: 3502365a-f88a-4ba4-822a-5769d3073b65, 1, 0 [(0 [0xC004F014, 0, 0], [(?)(?)(?)(?)(?)(?)(?)(?)])(1 )(2 )(3 )]
14: 377333b1-8b5d-48d6-9679-1225c872d37c, 1, 0 [(0 [0xC004F014, 0, 0], [(?)(?)(?)(?)(?)(?)(?)(?)])(1 )(2 )(3 )]
15: 3df374ef-d444-4494-a5a1-4b0d9fd0e203, 1, 0 [(0 [0xC004F014, 0, 0], [(?)(?)(?)(?)(?)(?)(?)(?)])(1 )(2 )(3 )]
16: 3f1afc82-f8ac-4f6c-8005-1d233e606eee, 1, 0 [(0 [0xC004F014, 0, 0], [(?)(?)(?)(?)(?)(?)(?)(?)])(1 )(2 )(3 )]
17: 49cd895b-53b2-4dc4-a5f7-b18aa019ad37, 1, 0 [(0 [0xC004F014, 0, 0], [(?)(?)(?)(?)(?)(?)(?)(?)])(1 )(2 )(3 )]
18: 4de7cb65-cdf1-4de9-8ae8-e3cce27b9f2c, 1, 0 [(0 )(1 )(2 [0x00000000, 1, 0], [(?)( 1 0x00000000)(?)(?)(?)(?)( 10 0x00000000 msft:rm/algorithm/flags/1.0)(?)])(3 )]
19: 4f3da0d2-271d-4508-ae81-626b60809a38, 1, 0 [(0 [0xC004F014, 0, 0], [(?)(?)(?)(?)(?)(?)(?)(?)])(1 )(2 )(3 )]
20: 60b3ec1b-9545-4921-821f-311b129dd6f6, 1, 0 [(0 [0xC004F014, 0, 0], [(?)(?)(?)(?)(?)(?)(?)(?)])(1 )(2 )(3 )]
21: 613d217f-7f13-4268-9907-1662339531cd, 1, 0 [(0 [0xC004F014, 0, 0], [(?)(?)(?)(?)(?)(?)(?)(?)])(1 )(2 )(3 )]
22: 62f0c100-9c53-4e02-b886-a3528ddfe7f6, 1, 0 [(0 [0xC004F014, 0, 0], [(?)(?)(?)(?)(?)(?)(?)(?)])(1 )(2 )(3 )]
23: 6365275e-368d-46ca-a0ef-fc0404119333, 1, 0 [(0 [0xC004F014, 0, 0], [(?)(?)(?)(?)(?)(?)(?)(?)])(1 )(2 )(3 )]
24: 721f9237-9341-4453-a661-09e8baa6cca5, 1, 0 [(0 [0xC004F014, 0, 0], [(?)(?)(?)(?)(?)(?)(?)(?)])(1 )(2 )(3 )]
25: 73111121-5638-40f6-bc11-f1d7b0d64300, 1, 0 [(0 [0xC004F014, 0, 0], [(?)(?)(?)(?)(?)(?)(?)(?)])(1 )(2 )(3 )]
26: 7a802526-4c94-4bd1-ba14-835a1aca2120, 1, 0 [(0 [0xC004F014, 0, 0], [(?)(?)(?)(?)(?)(?)(?)(?)])(1 )(2 )(3 )]
27: 7cb546c0-c7d5-44d8-9a5c-69ecdd782b69, 1, 0 [(0 [0xC004F014, 0, 0], [(?)(?)(?)(?)(?)(?)(?)(?)])(1 )(2 )(3 )]
28: 82bbc092-bc50-4e16-8e18-b74fc486aec3, 1, 0 [(0 [0xC004F014, 0, 0], [(?)(?)(?)(?)(?)(?)(?)(?)])(1 )(2 )(3 )]
29: 8ab9bdd1-1f67-4997-82d9-8878520837d9, 1, 0 [(0 [0xC004F014, 0, 0], [(?)(?)(?)(?)(?)(?)(?)(?)])(1 )(2 )(3 )]
30: 8b351c9c-f398-4515-9900-09df49427262, 1, 0 [(0 [0xC004F014, 0, 0], [(?)(?)(?)(?)(?)(?)(?)(?)])(1 )(2 )(3 )]
31: 90da7373-1c51-430b-bf26-c97e9c5cdc31, 1, 0 [(0 [0xC004F014, 0, 0], [(?)(?)(?)(?)(?)(?)(?)(?)])(1 )(2 )(3 )]
32: 95dca82f-385d-4d39-b85b-5c73fa285d6f, 1, 0 [(0 [0xC004F014, 0, 0], [(?)(?)(?)(?)(?)(?)(?)(?)])(1 )(2 )(3 )]
33: a48938aa-62fa-4966-9d44-9f04da3f72f2, 1, 0 [(0 [0xC004F014, 0, 0], [(?)(?)(?)(?)(?)(?)(?)(?)])(1 )(2 )(3 )]
34: b0773a15-df3a-4312-9ad2-83d69648e356, 1, 0 [(0 [0xC004F014, 0, 0], [(?)(?)(?)(?)(?)(?)(?)(?)])(1 )(2 )(3 )]
35: b4bfe195-541e-4e64-ad23-6177f19e395e, 1, 0 [(0 [0xC004F014, 0, 0], [(?)(?)(?)(?)(?)(?)(?)(?)])(1 )(2 )(3 )]
36: b68e61d2-68ca-4757-be45-0cc2f3e68eee, 1, 0 [(0 [0xC004F014, 0, 0], [(?)(?)(?)(?)(?)(?)(?)(?)])(1 )(2 )(3 )]
37: bd3762d7-270d-4760-8fb3-d829ca45278a, 1, 0 [(0 [0xC004F014, 0, 0], [(?)(?)(?)(?)(?)(?)(?)(?)])(1 )(2 )(3 )]
38: c86d5194-4840-4dae-9c1c-0301003a5ab0, 1, 0 [(0 [0xC004F014, 0, 0], [(?)(?)(?)(?)(?)(?)(?)(?)])(1 )(2 )(3 )]
39: d552befb-48cc-4327-8f39-47d2d94f987c, 1, 0 [(0 [0xC004F014, 0, 0], [(?)(?)(?)(?)(?)(?)(?)(?)])(1 )(2 )(3 )]
40: d6eadb3b-5ca8-4a6b-986e-35b550756111, 1, 0 [(0 [0xC004F014, 0, 0], [(?)(?)(?)(?)(?)(?)(?)(?)])(1 )(2 )(3 )]
41: df96023b-dcd9-4be2-afa0-c6c871159ebe, 1, 0 [(0 [0xC004F014, 0, 0], [(?)(?)(?)(?)(?)(?)(?)(?)])(1 )(2 )(3 )]
42: e0c42288-980c-4788-a014-c080d2e1926e, 1, 0 [(0 [0xC004F014, 0, 0], [(?)(?)(?)(?)(?)(?)(?)(?)])(1 )(2 )(3 )]
43: e4db50ea-bda1-4566-b047-0ca50abc6f07, 1, 0 [(0 [0xC004F014, 0, 0], [(?)(?)(?)(?)(?)(?)(?)(?)])(1 )(2 )(3 )]
44: e558417a-5123-4f6f-91e7-385c1c7ca9d4, 1, 0 [(0 [0xC004F014, 0, 0], [(?)(?)(?)(?)(?)(?)(?)(?)])(1 )(2 )(3 )]
45: e7a950a2-e548-4f10-bf16-02ec848e0643, 1, 0 [(0 [0xC004F014, 0, 0], [(?)(?)(?)(?)(?)(?)(?)(?)])(1 )(2 )(3 )]
46: eb6d346f-1c60-4643-b960-40ec31596c45, 1, 0 [(0 [0xC004F014, 0, 0], [(?)(?)(?)(?)(?)(?)(?)(?)])(1 )(2 )(3 )]
47: ec868e65-fadf-4759-b23e-93fe37f2cc29, 1, 0 [(0 [0xC004F014, 0, 0], [(?)(?)(?)(?)(?)(?)(?)(?)])(1 )(2 )(3 )]
48: ef51e000-2659-4f25-8345-3de70a9cf4c4, 1, 0 [(0 [0xC004F014, 0, 0], [(?)(?)(?)(?)(?)(?)(?)(?)])(1 )(2 )(3 )]
49: f7af7d09-40e4-419c-a49b-eae366689ebd, 1, 0 [(0 [0xC004F014, 0, 0], [(?)(?)(?)(?)(?)(?)(?)(?)])(1 )(2 )(3 )]
50: fa755fe6-6739-40b9-8d84-6d0ea3b6d1ab, 1, 0 [(0 [0xC004F014, 0, 0], [(?)(?)(?)(?)(?)(?)(?)(?)])(1 )(2 )(3 )]
51: fe74f55b-0338-41d6-b267-4a201abe7285, 1, 0 [(0 [0xC004F014, 0, 0], [(?)(?)(?)(?)(?)(?)(?)(?)])(1 )(2 )(3 )]

",1003,0,16384,4,0,0,3.60E+16,3021,Microsoft-Windows-Security-SPP,e23b33b0-c8c9-472c-a5f9-f2bdfea0f156,Application,0,0,DESKTOP-8OGP4P6,,2/18/21 17:21,,,Application,System.UInt32[],System.Diagnostics.Eventing.Reader.EventBookmark,Information,,,System.Collections.ObjectModel.ReadOnlyCollection`1[System.String],System.Collections.Generic.List`1[System.Diagnostics.Eventing.Reader.EventProperty]
"These policies are being excluded since they are only defined with override-only attribute.
Policy Names=(Security-SPP-Reserved-EnableNotificationMode) 
App Id=55c92734-d682-4d71-983e-d6ec3f16059f
Sku Id=4de7cb65-cdf1-4de9-8ae8-e3cce27b9f2c",1033,0,16384,4,0,0,3.60E+16,3020,Microsoft-Windows-Security-SPP,e23b33b0-c8c9-472c-a5f9-f2bdfea0f156,Application,0,0,DESKTOP-8OGP4P6,,2/18/21 17:21,,,Application,System.UInt32[],System.Diagnostics.Eventing.Reader.EventBookmark,Information,,,System.Collections.ObjectModel.ReadOnlyCollection`1[System.String],System.Collections.Generic.List`1[System.Diagnostics.Eventing.Reader.EventProperty]
Duplicate definition of policy found. Policy name=Security-SPP-WriteWauMarker  Priority=500,1034,0,16384,4,0,0,3.60E+16,3019,Microsoft-Windows-Security-SPP,e23b33b0-c8c9-472c-a5f9-f2bdfea0f156,Application,0,0,DESKTOP-8OGP4P6,,2/18/21 17:21,,,Application,System.UInt32[],System.Diagnostics.Eventing.Reader.EventBookmark,Information,,,System.Collections.ObjectModel.ReadOnlyCollection`1[System.String],System.Collections.Generic.List`1[System.Diagnostics.Eventing.Reader.EventProperty]
Duplicate definition of policy found. Policy name=AAD-BlockAADWorkplaceJoin-Default  Priority=100,1034,0,16384,4,0,0,3.60E+16,3018,Microsoft-Windows-Security-SPP,e23b33b0-c8c9-472c-a5f9-f2bdfea0f156,Application,0,0,DESKTOP-8OGP4P6,,2/18/21 17:21,,,Application,System.UInt32[],System.Diagnostics.Eventing.Reader.EventBookmark,Information,,,System.Collections.ObjectModel.ReadOnlyCollection`1[System.String],System.Collections.Generic.List`1[System.Diagnostics.Eventing.Reader.EventProperty]
Duplicate definition of policy found. Policy name=AAD-BlockAADWorkplaceJoin-Default  Priority=100,1034,0,16384,4,0,0,3.60E+16,3017,Microsoft-Windows-Security-SPP,e23b33b0-c8c9-472c-a5f9-f2bdfea0f156,Application,0,0,DESKTOP-8OGP4P6,,2/18/21 17:21,,,Application,System.UInt32[],System.Diagnostics.Eventing.Reader.EventBookmark,Information,,,System.Collections.ObjectModel.ReadOnlyCollection`1[System.String],System.Collections.Generic.List`1[System.Diagnostics.Eventing.Reader.EventProperty]
Duplicate definition of policy found. Policy name=AAD-BlockAADWorkplaceJoin-Default  Priority=100,1034,0,16384,4,0,0,3.60E+16,3016,Microsoft-Windows-Security-SPP,e23b33b0-c8c9-472c-a5f9-f2bdfea0f156,Application,0,0,DESKTOP-8OGP4P6,,2/18/21 17:21,,,Application,System.UInt32[],System.Diagnostics.Eventing.Reader.EventBookmark,Information,,,System.Collections.ObjectModel.ReadOnlyCollection`1[System.String],System.Collections.Generic.List`1[System.Diagnostics.Eventing.Reader.EventProperty]
Duplicate definition of policy found. Policy name=AAD-BlockAADWorkplaceJoin-Default  Priority=100,1034,0,16384,4,0,0,3.60E+16,3015,Microsoft-Windows-Security-SPP,e23b33b0-c8c9-472c-a5f9-f2bdfea0f156,Application,0,0,DESKTOP-8OGP4P6,,2/18/21 17:21,,,Application,System.UInt32[],System.Diagnostics.Eventing.Reader.EventBookmark,Information,,,System.Collections.ObjectModel.ReadOnlyCollection`1[System.String],System.Collections.Generic.List`1[System.Diagnostics.Eventing.Reader.EventProperty]
Duplicate definition of policy found. Policy name=AAD-BlockAADWorkplaceJoin-Default  Priority=100,1034,0,16384,4,0,0,3.60E+16,3014,Microsoft-Windows-Security-SPP,e23b33b0-c8c9-472c-a5f9-f2bdfea0f156,Application,0,0,DESKTOP-8OGP4P6,,2/18/21 17:21,,,Application,System.UInt32[],System.Diagnostics.Eventing.Reader.EventBookmark,Information,,,System.Collections.ObjectModel.ReadOnlyCollection`1[System.String],System.Collections.Generic.List`1[System.Diagnostics.Eventing.Reader.EventProperty]
Duplicate definition of policy found. Policy name=AAD-BlockAADWorkplaceJoin-Default  Priority=100,1034,0,16384,4,0,0,3.60E+16,3013,Microsoft-Windows-Security-SPP,e23b33b0-c8c9-472c-a5f9-f2bdfea0f156,Application,0,0,DESKTOP-8OGP4P6,,2/18/21 17:21,,,Application,System.UInt32[],System.Diagnostics.Eventing.Reader.EventBookmark,Information,,,System.Collections.ObjectModel.ReadOnlyCollection`1[System.String],System.Collections.Generic.List`1[System.Diagnostics.Eventing.Reader.EventProperty]
Duplicate definition of policy found. Policy name=AAD-BlockAADWorkplaceJoin-Default  Priority=100,1034,0,16384,4,0,0,3.60E+16,3012,Microsoft-Windows-Security-SPP,e23b33b0-c8c9-472c-a5f9-f2bdfea0f156,Application,0,0,DESKTOP-8OGP4P6,,2/18/21 17:21,,,Application,System.UInt32[],System.Diagnostics.Eventing.Reader.EventBookmark,Information,,,System.Collections.ObjectModel.ReadOnlyCollection`1[System.String],System.Collections.Generic.List`1[System.Diagnostics.Eventing.Reader.EventProperty]
Duplicate definition of policy found. Policy name=AAD-BlockAADWorkplaceJoin-Default  Priority=100,1034,0,16384,4,0,0,3.60E+16,3011,Microsoft-Windows-Security-SPP,e23b33b0-c8c9-472c-a5f9-f2bdfea0f156,Application,0,0,DESKTOP-8OGP4P6,,2/18/21 17:21,,,Application,System.UInt32[],System.Diagnostics.Eventing.Reader.EventBookmark,Information,,,System.Collections.ObjectModel.ReadOnlyCollection`1[System.String],System.Collections.Generic.List`1[System.Diagnostics.Eventing.Reader.EventProperty]
Duplicate definition of policy found. Policy name=AAD-BlockAADWorkplaceJoin-Default  Priority=100,1034,0,16384,4,0,0,3.60E+16,3010,Microsoft-Windows-Security-SPP,e23b33b0-c8c9-472c-a5f9-f2bdfea0f156,Application,0,0,DESKTOP-8OGP4P6,,2/18/21 17:21,,,Application,System.UInt32[],System.Diagnostics.Eventing.Reader.EventBookmark,Information,,,System.Collections.ObjectModel.ReadOnlyCollection`1[System.String],System.Collections.Generic.List`1[System.Diagnostics.Eventing.Reader.EventProperty]
"The Software Protection service has successfully installed the license.
License Title=Windows(R) ServerRdsh Product PPD License
License Id=7db3381a-b5d4-69e1-bf6e-0ff059134aa4",1004,0,16384,4,0,0,3.60E+16,3009,Microsoft-Windows-Security-SPP,e23b33b0-c8c9-472c-a5f9-f2bdfea0f156,Application,0,0,DESKTOP-8OGP4P6,,2/18/21 17:21,,,Application,System.UInt32[],System.Diagnostics.Eventing.Reader.EventBookmark,Information,,,System.Collections.ObjectModel.ReadOnlyCollection`1[System.String],System.Collections.Generic.List`1[System.Diagnostics.Eventing.Reader.EventProperty]
Subject: Security ID: S-1-5-18 Account Name: DESKTOP-8OGP4P6$ Account Domain: WORKGROUP Logon ID: 0x3E7Logon Information: Logon Type: 4 Restricted Admin Mode: - Virtual Account: No Elevated Token: YesImpersonation Level: ImpersonationNew Logon: Security ID: S-1-5-18 Account Name: strangelove Account Domain: NT AUTHORITY Logon ID:,4624,0,16384,4,0,0,3.60E+16,3008,Microsoft-Windows-Security-SPP,e23b33b0-c8c9-472c-a5f9-f2bdfea0f156,Application,0,0,DESKTOP-8OGP4P6,,2/18/21 17:21,,,Application,System.UInt32[],System.Diagnostics.Eventing.Reader.EventBookmark,Information,,,System.Collections.ObjectModel.ReadOnlyCollection`1[System.String],System.Collections.Generic.List`1[System.Diagnostics.Eventing.Reader.EventProperty]
Subject: Security ID: S-1-5-18 Account Name: DESKTOP-8OGP4P6$ Account Domain: WORKGROUP Logon ID: 0x3E7Logon Information: Logon Type: 3 Restricted Admin Mode: - Virtual Account: No Elevated Token: YesImpersonation Level: ImpersonationNew Logon: Security ID: S-1-5-18 Account Name: user1 Account Domain: NT AUTHORITY Logon ID:,4624,0,16384,4,0,0,3.60E+16,3007,Microsoft-Windows-Security-SPP,e23b33b0-c8c9-472c-a5f9-f2bdfea0f156,Application,0,0,DESKTOP-8OGP4P6,,2/18/21 17:21,,,Application,System.UInt32[],System.Diagnostics.Eventing.Reader.EventBookmark,Information,,,System.Collections.ObjectModel.ReadOnlyCollection`1[System.String],System.Collections.Generic.List`1[System.Diagnostics.Eventing.Reader.EventProperty]
Subject: Security ID: S-1-5-18 Account Name: DESKTOP-8OGP4P6$ Account Domain: WORKGROUP Logon ID: 0x3E7Logon Information: Logon Type: 5 Restricted Admin Mode: - Virtual Account: No Elevated Token: YesImpersonation Level: ImpersonationNew Logon: Security ID: S-1-5-18 Account Name: user2 Account Domain: NT AUTHORITY Logon ID:,4624,0,16384,4,0,0,3.60E+16,3006,Microsoft-Windows-Security-SPP,e23b33b0-c8c9-472c-a5f9-f2bdfea0f156,Application,0,0,DESKTOP-8OGP4P6,,2/18/21 17:21,,,Application,System.UInt32[],System.Diagnostics.Eventing.Reader.EventBookmark,Information,,,System.Collections.ObjectModel.ReadOnlyCollection`1[System.String],System.Collections.Generic.List`1[System.Diagnostics.Eventing.Reader.EventProperty]
 Subject: Security ID: S-1-5-18 Account Name: DESKTOP-8OGP4P6$ Account Domain: WORKGROUP Logon ID: 0x3E7Logon Information: Logon Type: 8 Restricted Admin Mode: - Virtual Account: No Elevated Token: YesImpersonation Level: ImpersonationNew Logon: Security ID: S-1-5-18 Account Name: hacker Account Domain: NT AUTHORITY Logon ID:,4624,0,16384,4,0,0,3.60E+16,3005,Microsoft-Windows-Security-SPP,e23b33b0-c8c9-472c-a5f9-f2bdfea0f156,Application,0,0,DESKTOP-8OGP4P6,,2/18/21 17:21,,,Application,System.UInt32[],System.Diagnostics.Eventing.Reader.EventBookmark,Information,,,System.Collections.ObjectModel.ReadOnlyCollection`1[System.String],System.Collections.Generic.List`1[System.Diagnostics.Eventing.Reader.EventProperty]
 Subject: Security ID: S-1-5-18 Account Name: DESKTOP-8OGP4P6$ Account Domain: WORKGROUP Logon ID: 0x3E7Logon Information: Logon Type: 9 Restricted Admin Mode: - Virtual Account: No Elevated Token: YesImpersonation Level: ImpersonationNew Logon: Security ID: S-1-5-18 Account Name: hacker Account Domain: NT AUTHORITY Logon ID:,4624,0,16384,4,0,0,3.60E+16,3004,Microsoft-Windows-Security-SPP,e23b33b0-c8c9-472c-a5f9-f2bdfea0f156,Application,0,0,DESKTOP-8OGP4P6,,2/18/21 17:21,,,Application,System.UInt32[],System.Diagnostics.Eventing.Reader.EventBookmark,Information,,,System.Collections.ObjectModel.ReadOnlyCollection`1[System.String],System.Collections.Generic.List`1[System.Diagnostics.Eventing.Reader.EventProperty]
Subject: Security ID: S-1-5-18 Account Name: DESKTOP-8OGP4P6$ Account Domain: WORKGROUP Logon ID: 0x3E7Logon Information: Logon Type: 4 Restricted Admin Mode: - Virtual Account: No Elevated Token: YesImpersonation Level: ImpersonationNew Logon: Security ID: S-1-5-18 Account Name: strangelove Account Domain: NT AUTHORITY Logon ID:,4624,0,16384,4,0,0,3.60E+16,3003,Microsoft-Windows-Security-SPP,e23b33b0-c8c9-472c-a5f9-f2bdfea0f156,Application,0,0,DESKTOP-8OGP4P6,,2/18/21 17:21,,,Application,System.UInt32[],System.Diagnostics.Eventing.Reader.EventBookmark,Information,,,System.Collections.ObjectModel.ReadOnlyCollection`1[System.String],System.Collections.Generic.List`1[System.Diagnostics.Eventing.Reader.EventProperty]
Subject: Security ID: S-1-5-18 Account Name: DESKTOP-8OGP4P6$ Account Domain: WORKGROUP Logon ID: 0x3E7Logon Information: Logon Type: 3 Restricted Admin Mode: - Virtual Account: No Elevated Token: YesImpersonation Level: ImpersonationNew Logon: Security ID: S-1-5-18 Account Name: user1 Account Domain: NT AUTHORITY Logon ID:,4624,0,16384,4,0,0,3.60E+16,3002,Microsoft-Windows-Security-SPP,e23b33b0-c8c9-472c-a5f9-f2bdfea0f156,Application,0,0,DESKTOP-8OGP4P6,,2/18/21 17:21,,,Application,System.UInt32[],System.Diagnostics.Eventing.Reader.EventBookmark,Information,,,System.Collections.ObjectModel.ReadOnlyCollection`1[System.String],System.Collections.Generic.List`1[System.Diagnostics.Eventing.Reader.EventProperty]
Subject: Security ID: S-1-5-18 Account Name: DESKTOP-8OGP4P6$ Account Domain: WORKGROUP Logon ID: 0x3E7Logon Information: Logon Type: 5 Restricted Admin Mode: - Virtual Account: No Elevated Token: YesImpersonation Level: ImpersonationNew Logon: Security ID: S-1-5-18 Account Name: user2 Account Domain: NT AUTHORITY Logon ID:,4624,0,16384,4,0,0,3.60E+16,3001,Microsoft-Windows-Security-SPP,e23b33b0-c8c9-472c-a5f9-f2bdfea0f156,Application,0,0,DESKTOP-8OGP4P6,,2/18/21 17:21,,,Application,System.UInt32[],System.Diagnostics.Eventing.Reader.EventBookmark,Information,,,System.Collections.ObjectModel.ReadOnlyCollection`1[System.String],System.Collections.Generic.List`1[System.Diagnostics.Eventing.Reader.EventProperty]
 Subject: Security ID: S-1-5-18 Account Name: DESKTOP-8OGP4P6$ Account Domain: WORKGROUP Logon ID: 0x3E7Logon Information: Logon Type: 8 Restricted Admin Mode: - Virtual Account: No Elevated Token: YesImpersonation Level: ImpersonationNew Logon: Security ID: S-1-5-18 Account Name: hacker Account Domain: NT AUTHORITY Logon ID:,4624,0,16384,4,0,0,3.60E+16,3000,Microsoft-Windows-Security-SPP,e23b33b0-c8c9-472c-a5f9-f2bdfea0f156,Application,0,0,DESKTOP-8OGP4P6,,2/18/21 17:21,,,Application,System.UInt32[],System.Diagnostics.Eventing.Reader.EventBookmark,Information,,,System.Collections.ObjectModel.ReadOnlyCollection`1[System.String],System.Collections.Generic.List`1[System.Diagnostics.Eventing.Reader.EventProperty]
